<?xml version="1.0" encoding="utf-8"?>
<TestRun id="51708074-5e34-4122-84cf-78e84b46b280" name="francisco.perez@DESKTOP-LIIEAMD 2026-07-21 10:58:14" runUser="DESKTOP-LIIEAMD\CodexSandboxOffline" xmlns="http://microsoft.com/schemas/VisualStudio/TeamTest/2010">
  <Times creation="2026-07-21T10:58:14.3441000-06:00" queuing="2026-07-21T10:58:14.3441004-06:00" start="2026-07-21T10:58:12.2943038-06:00" finish="2026-07-21T10:58:15.8466728-06:00" />
  <TestSettings name="default" id="ba1c50d0-31e4-4b53-a543-fbedc109a1af">
    <Deployment runDeploymentRoot="francisco.perez_DESKTOP-LIIEAMD_2026-07-21_10_58_14" />
  </TestSettings>
  <Results>
    <UnitTestResult executionId="0213fe24-4b5d-4159-bdcb-1ddcf2d1dd40" testId="c8f621b8-3f8c-8987-7fd8-2bffff2c2a47" testName="RL.API.Tests.Features.MatricesRiesgos.MatricesRiesgosApplicationTests.InactivarCriterio_MotivoValido_RecortaYDelega" computerName="DESKTOP-LIIEAMD" duration="00:00:00.0011258" startTime="2026-07-21T10:58:14.7420863-06:00" endTime="2026-07-21T10:58:14.7420866-06:00" testType="13cdc9d9-ddb5-4fa4-a97d-d965ccfc6d4b" outcome="Passed" testListId="8c84fa94-04c1-424b-9868-57a2d4851a1d" relativeResultsDirectory="0213fe24-4b5d-4159-bdcb-1ddcf2d1dd40" />
    <UnitTestResult executionId="bcb06e17-6b83-49bd-a338-b695ca849084" testId="1784c1a5-3d6f-2ea2-0bde-e5a5eb362ff5" testName="RL.API.Tests.Features.MatricesRiesgos.MatricesRiesgosApplicationTests.EvidenciaPublica_NoSerializaRutaFisica" computerName="DESKTOP-LIIEAMD" duration="00:00:00.0110255" startTime="2026-07-21T10:58:14.8610040-06:00" endTime="2026-07-21T10:58:14.8610042-06:00" testType="13cdc9d9-ddb5-4fa4-a97d-d965ccfc6d4b" outcome="Passed" testListId="8c84fa94-04c1-424b-9868-57a2d4851a1d" relativeResultsDirectory="bcb06e17-6b83-49bd-a338-b695ca849084" />
    <UnitTestResult executionId="0f412602-43b0-48ba-b5f2-f74aa7e46486" testId="73028cc5-250b-a842-2099-473076c4f742" testName="RL.API.Tests.Features.MatricesRiesgos.MatricesRiesgosApplicationTests.ExportarReporte_FormatoValido_GeneraContenidoYRegistraAuditoria(formato: &quot;PDF&quot;, contentType: &quot;application/pdf&quot;)" computerName="DESKTOP-LIIEAMD" duration="00:00:00.0106316" startTime="2026-07-21T10:58:14.7567598-06:00" endTime="2026-07-21T10:58:14.7567602-06:00" testType="13cdc9d9-ddb5-4fa4-a97d-d965ccfc6d4b" outcome="Passed" testListId="8c84fa94-04c1-424b-9868-57a2d4851a1d" relativeResultsDirectory="0f412602-43b0-48ba-b5f2-f74aa7e46486" />
    <UnitTestResult executionId="c4feeaed-740c-4510-ad7d-161cac200d52" testId="27366d2e-039f-5e38-2919-3a2d7cc8bf29" testName="RL.API.Tests.Features.MatricesRiesgos.MatricesRiesgosApplicationTests.ReactivarPlan_MotivoValido_RecortaYDelega" computerName="DESKTOP-LIIEAMD" duration="00:00:00.0010765" startTime="2026-07-21T10:58:14.8226706-06:00" endTime="2026-07-21T10:58:14.8226710-06:00" testType="13cdc9d9-ddb5-4fa4-a97d-d965ccfc6d4b" outcome="Passed" testListId="8c84fa94-04c1-424b-9868-57a2d4851a1d" relativeResultsDirectory="c4feeaed-740c-4510-ad7d-161cac200d52" />
    <UnitTestResult executionId="b748d778-caca-4540-aceb-8e21d420b552" testId="3ce7d983-6eee-39fb-2264-bfa14949d683" testName="RL.API.Tests.Features.MatricesRiesgos.MatricesRiesgosApplicationTests.Crear_ReglaRepositorioInvalida_ConvierteExcepcionEnBadRequest" computerName="DESKTOP-LIIEAMD" duration="00:00:00.0004423" startTime="2026-07-21T10:58:14.8682555-06:00" endTime="2026-07-21T10:58:14.8682556-06:00" testType="13cdc9d9-ddb5-4fa4-a97d-d965ccfc6d4b" outcome="Passed" testListId="8c84fa94-04c1-424b-9868-57a2d4851a1d" relativeResultsDirectory="b748d778-caca-4540-aceb-8e21d420b552" />
    <UnitTestResult executionId="017341ca-02f0-4441-9489-08cddad82dab" testId="54a92c04-7105-d9d9-f6a9-380b410392db" testName="RL.API.Tests.Features.Listas.ListasApplicationTests.ProcesarCarga_SeleccionaProcesadorSegunFormato(nombre: &quot;lista.xls&quot;, descripcion: &quot;PEPS&quot;, metodoEsperado: &quot;ProcesarArchivoExcelPepsAsync&quot;)" computerName="DESKTOP-LIIEAMD" duration="00:00:00.0004273" startTime="2026-07-21T10:58:14.4286775-06:00" endTime="2026-07-21T10:58:14.4286776-06:00" testType="13cdc9d9-ddb5-4fa4-a97d-d965ccfc6d4b" outcome="Passed" testListId="8c84fa94-04c1-424b-9868-57a2d4851a1d" relativeResultsDirectory="017341ca-02f0-4441-9489-08cddad82dab" />
    <UnitTestResult executionId="9e834ce1-74c7-4b12-ada4-35a9d7e44aa6" testId="f4216c94-a1aa-4ccb-0bb9-8bd3c6fa8cdb" testName="RL.API.Tests.Features.MatricesRiesgos.MatricesRiesgosApplicationTests.ExportarReporte_FormatoValido_GeneraContenidoYRegistraAuditoria(formato: &quot;EXCEL&quot;, contentType: &quot;application/vnd.ms-excel&quot;)" computerName="DESKTOP-LIIEAMD" duration="00:00:00.0024968" startTime="2026-07-21T10:58:14.7593018-06:00" endTime="2026-07-21T10:58:14.7593019-06:00" testType="13cdc9d9-ddb5-4fa4-a97d-d965ccfc6d4b" outcome="Passed" testListId="8c84fa94-04c1-424b-9868-57a2d4851a1d" relativeResultsDirectory="9e834ce1-74c7-4b12-ada4-35a9d7e44aa6" />
    <UnitTestResult executionId="139a2814-fd3e-4f0a-b189-d68add96df1a" testId="16de462a-0aef-07f4-e296-6b557fb305fc" testName="RL.API.Tests.Features.ModuleBoundariesTests.ListasController_ConservaRutaYAutorizacion" computerName="DESKTOP-LIIEAMD" duration="00:00:00.2020106" startTime="2026-07-21T10:58:14.3394320-06:00" endTime="2026-07-21T10:58:14.3394329-06:00" testType="13cdc9d9-ddb5-4fa4-a97d-d965ccfc6d4b" outcome="Passed" testListId="8c84fa94-04c1-424b-9868-57a2d4851a1d" relativeResultsDirectory="139a2814-fd3e-4f0a-b189-d68add96df1a" />
    <UnitTestResult executionId="39ccfcdb-c3b3-4f3a-aed6-8c2b8d32b07a" testId="eee457c8-053a-edbd-0dbd-9152fbdee419" testName="RL.API.Tests.Features.Listas.ListasApplicationTests.ObtenerSeguimientos_RangoInvertido_RechazaSinConsultar" computerName="DESKTOP-LIIEAMD" duration="00:00:00.0008128" startTime="2026-07-21T10:58:14.4310048-06:00" endTime="2026-07-21T10:58:14.4310049-06:00" testType="13cdc9d9-ddb5-4fa4-a97d-d965ccfc6d4b" outcome="Passed" testListId="8c84fa94-04c1-424b-9868-57a2d4851a1d" relativeResultsDirectory="39ccfcdb-c3b3-4f3a-aed6-8c2b8d32b07a" />
    <UnitTestResult executionId="f2ef0dcc-abe6-44de-8266-1b9392f93787" testId="0c4ba462-ef4a-3015-efda-7d380040d0b5" testName="RL.API.Tests.Features.MatricesRiesgos.MatricesRiesgosApplicationTests.CambiarEstadoPlan_Valido_NormalizaYDelega" computerName="DESKTOP-LIIEAMD" duration="00:00:00.0015764" startTime="2026-07-21T10:58:14.8315431-06:00" endTime="2026-07-21T10:58:14.8315434-06:00" testType="13cdc9d9-ddb5-4fa4-a97d-d965ccfc6d4b" outcome="Passed" testListId="8c84fa94-04c1-424b-9868-57a2d4851a1d" relativeResultsDirectory="f2ef0dcc-abe6-44de-8266-1b9392f93787" />
    <UnitTestResult executionId="38dc9a95-b805-447c-b775-fa4841197c40" testId="892e8f83-111e-825d-e307-a9eab467536d" testName="RL.API.Tests.Features.MatricesRiesgos.MatricesRiesgosApplicationTests.ActualizarPlan_NoEncontrado_NoConsultaListado" computerName="DESKTOP-LIIEAMD" duration="00:00:00.0014365" startTime="2026-07-21T10:58:14.8624876-06:00" endTime="2026-07-21T10:58:14.8624878-06:00" testType="13cdc9d9-ddb5-4fa4-a97d-d965ccfc6d4b" outcome="Passed" testListId="8c84fa94-04c1-424b-9868-57a2d4851a1d" relativeResultsDirectory="38dc9a95-b805-447c-b775-fa4841197c40" />
    <UnitTestResult executionId="36f73e9f-aff0-42e4-9b44-11df46766189" testId="7c5adcf1-55d9-d084-f0d6-4dbf8360870e" testName="RL.API.Tests.Features.MatricesRiesgos.MatricesRiesgoServiceTests.Calcular_ControlSinEvidencia_NoReduceRiesgo" computerName="DESKTOP-LIIEAMD" duration="00:00:00.0004424" startTime="2026-07-21T10:58:14.2878679-06:00" endTime="2026-07-21T10:58:14.2878680-06:00" testType="13cdc9d9-ddb5-4fa4-a97d-d965ccfc6d4b" outcome="Passed" testListId="8c84fa94-04c1-424b-9868-57a2d4851a1d" relativeResultsDirectory="36f73e9f-aff0-42e4-9b44-11df46766189" />
    <UnitTestResult executionId="4dbb3135-af4c-4045-aac4-ed66b45d9c3f" testId="b3e18c4b-9d7c-7b36-1f5b-b063be05dd9b" testName="RL.API.Tests.Features.Auditoria.AuditoriaModuleCharacterizationTests.AuditoriaService_ConservaClasificacionDeExportaciones(clave: &quot;archivo&quot;, valor: &quot;bitacora.xlsx&quot;, accionEsperada: &quot;EXPORTACION_EXCEL&quot;)" computerName="DESKTOP-LIIEAMD" duration="00:00:00.0003268" startTime="2026-07-21T10:58:14.5567022-06:00" endTime="2026-07-21T10:58:14.5567038-06:00" testType="13cdc9d9-ddb5-4fa4-a97d-d965ccfc6d4b" outcome="Passed" testListId="8c84fa94-04c1-424b-9868-57a2d4851a1d" relativeResultsDirectory="4dbb3135-af4c-4045-aac4-ed66b45d9c3f" />
    <UnitTestResult executionId="aa297ffc-641a-4a06-b0f2-3e682b29b97b" testId="8d836157-3f32-ce9d-c031-adce899577b6" testName="RL.API.Tests.Features.MatricesRiesgos.MatricesRiesgosApplicationTests.InactivarEvidencia_MotivoValido_RecortaYDelega" computerName="DESKTOP-LIIEAMD" duration="00:00:00.0014487" startTime="2026-07-21T10:58:14.7384288-06:00" endTime="2026-07-21T10:58:14.7384291-06:00" testType="13cdc9d9-ddb5-4fa4-a97d-d965ccfc6d4b" outcome="Passed" testListId="8c84fa94-04c1-424b-9868-57a2d4851a1d" relativeResultsDirectory="aa297ffc-641a-4a06-b0f2-3e682b29b97b" />
    <UnitTestResult executionId="210d1da4-e72d-40e0-9cf5-7259e75ae314" testId="88468253-07fd-2c3a-c1ed-fe7c96581180" testName="RL.API.Tests.Features.MatricesRiesgos.MatricesRiesgoServiceTests.Calcular_RecalculoSinMotivo_RechazaSolicitud" computerName="DESKTOP-LIIEAMD" duration="00:00:00.0034605" startTime="2026-07-21T10:58:14.2871987-06:00" endTime="2026-07-21T10:58:14.2871988-06:00" testType="13cdc9d9-ddb5-4fa4-a97d-d965ccfc6d4b" outcome="Passed" testListId="8c84fa94-04c1-424b-9868-57a2d4851a1d" relativeResultsDirectory="210d1da4-e72d-40e0-9cf5-7259e75ae314" />
    <UnitTestResult executionId="5420f185-8062-4f1f-9153-2d955b51f540" testId="f301555d-bbd4-bf9a-4c74-1704f0097736" testName="RL.API.Tests.Features.Auditoria.AuditoriaModuleCharacterizationTests.AuditoriaService_ConservaClasificacionDeExportaciones(clave: &quot;tipoReporte&quot;, valor: &quot;Resumen PDF&quot;, accionEsperada: &quot;GENERACION_REPORTE_PDF&quot;)" computerName="DESKTOP-LIIEAMD" duration="00:00:00.0036672" startTime="2026-07-21T10:58:14.5563061-06:00" endTime="2026-07-21T10:58:14.5563065-06:00" testType="13cdc9d9-ddb5-4fa4-a97d-d965ccfc6d4b" outcome="Passed" testListId="8c84fa94-04c1-424b-9868-57a2d4851a1d" relativeResultsDirectory="5420f185-8062-4f1f-9153-2d955b51f540" />
    <UnitTestResult executionId="d65fafd5-3a94-419d-a795-364c79cfd7db" testId="cb5daf03-d754-b22c-6c9b-d1e9981c1c86" testName="RL.API.Tests.Features.MatricesRiesgos.MatricesRiesgosApplicationTests.Recalcular_SinMotivo_RechazaAntesDePrepararSolicitud" computerName="DESKTOP-LIIEAMD" duration="00:00:00.0005583" startTime="2026-07-21T10:58:14.8630935-06:00" endTime="2026-07-21T10:58:14.8630936-06:00" testType="13cdc9d9-ddb5-4fa4-a97d-d965ccfc6d4b" outcome="Passed" testListId="8c84fa94-04c1-424b-9868-57a2d4851a1d" relativeResultsDirectory="d65fafd5-3a94-419d-a795-364c79cfd7db" />
    <UnitTestResult executionId="6d80c8df-3f0f-4145-88ba-f4ed99a48769" testId="bb3b7ffb-458c-947a-eb39-d2f84a924e33" testName="RL.API.Tests.Features.Catalogos.CatalogosModuleTests.CatalogosController_Modulos_ConservaRutaYCamposPublicos" computerName="DESKTOP-LIIEAMD" duration="00:00:00.4070569" startTime="2026-07-21T10:58:14.5445824-06:00" endTime="2026-07-21T10:58:14.5445825-06:00" testType="13cdc9d9-ddb5-4fa4-a97d-d965ccfc6d4b" outcome="Passed" testListId="8c84fa94-04c1-424b-9868-57a2d4851a1d" relativeResultsDirectory="6d80c8df-3f0f-4145-88ba-f4ed99a48769" />
    <UnitTestResult executionId="e49835f6-f545-49de-a472-13413092a8d0" testId="f6bcfe64-9511-236f-a443-7830af70598d" testName="RL.API.Tests.Features.Identidad.IdentidadModuleCharacterizationTests.Perfil_ConservaClaimsPublicosYModulosNumericos" computerName="DESKTOP-LIIEAMD" duration="00:00:00.0096901" startTime="2026-07-21T10:58:15.6431496-06:00" endTime="2026-07-21T10:58:15.6431498-06:00" testType="13cdc9d9-ddb5-4fa4-a97d-d965ccfc6d4b" outcome="Passed" testListId="8c84fa94-04c1-424b-9868-57a2d4851a1d" relativeResultsDirectory="e49835f6-f545-49de-a472-13413092a8d0" />
    <UnitTestResult executionId="cee2baa1-7f75-46b6-b9b6-c7648b117d5d" testId="c8a7f50a-97a0-f907-04b7-b162c04106e1" testName="RL.API.Tests.Features.MatricesRiesgos.MatricesRiesgosApplicationTests.ReactivarPlan_NoEncontrado_DevuelveNotFound" computerName="DESKTOP-LIIEAMD" duration="00:00:00.0004989" startTime="2026-07-21T10:58:14.8642099-06:00" endTime="2026-07-21T10:58:14.8642100-06:00" testType="13cdc9d9-ddb5-4fa4-a97d-d965ccfc6d4b" outcome="Passed" testListId="8c84fa94-04c1-424b-9868-57a2d4851a1d" relativeResultsDirectory="cee2baa1-7f75-46b6-b9b6-c7648b117d5d" />
    <UnitTestResult executionId="f46704da-4b72-4e4c-a784-65816c7f50b8" testId="08bc2e51-5b25-7f30-5c96-618692211932" testName="RL.API.Tests.Features.MatricesRiesgos.MatricesRiesgosApplicationTests.ExportarReporte_FormatoInvalido_NoConsultaRepositorio" computerName="DESKTOP-LIIEAMD" duration="00:00:00.0004158" startTime="2026-07-21T10:58:14.8498912-06:00" endTime="2026-07-21T10:58:14.8498914-06:00" testType="13cdc9d9-ddb5-4fa4-a97d-d965ccfc6d4b" outcome="Passed" testListId="8c84fa94-04c1-424b-9868-57a2d4851a1d" relativeResultsDirectory="f46704da-4b72-4e4c-a784-65816c7f50b8" />
    <UnitTestResult executionId="f2537623-719f-4418-91d9-d84a4d602ee5" testId="9b366681-f401-4ce5-25f9-aebc3a02df9e" testName="RL.API.Tests.Features.Listas.ListasApplicationTests.ProcesarCarga_SinArchivo_RechazaSinConsultarRepositorio" computerName="DESKTOP-LIIEAMD" duration="00:00:00.0004899" startTime="2026-07-21T10:58:14.4301589-06:00" endTime="2026-07-21T10:58:14.4301591-06:00" testType="13cdc9d9-ddb5-4fa4-a97d-d965ccfc6d4b" outcome="Passed" testListId="8c84fa94-04c1-424b-9868-57a2d4851a1d" relativeResultsDirectory="f2537623-719f-4418-91d9-d84a4d602ee5" />
    <UnitTestResult executionId="b1ab35ae-5a8b-4a7d-8d32-72b0e3d20397" testId="a2e6a436-d47f-127f-62c7-d775a2ee3291" testName="RL.API.Tests.Features.Identidad.IdentidadModuleCharacterizationTests.AuthService_LoginLocal_ConservaClaimsYVigenciaJwt" computerName="DESKTOP-LIIEAMD" duration="00:00:00.6186215" startTime="2026-07-21T10:58:15.3775801-06:00" endTime="2026-07-21T10:58:15.3775803-06:00" testType="13cdc9d9-ddb5-4fa4-a97d-d965ccfc6d4b" outcome="Passed" testListId="8c84fa94-04c1-424b-9868-57a2d4851a1d" relativeResultsDirectory="b1ab35ae-5a8b-4a7d-8d32-72b0e3d20397" />
    <UnitTestResult executionId="b8e3865a-a949-400e-a8ba-245eb0ceb7f9" testId="6ef995b1-6031-c1d7-4e3b-328e811ad8e7" testName="RL.API.Tests.Features.Listas.ListasApplicationTests.ExportarDetalle_RegistraAuditoriaConCantidadAntesDeResponder" computerName="DESKTOP-LIIEAMD" duration="00:00:00.2885405" startTime="2026-07-21T10:58:14.4259881-06:00" endTime="2026-07-21T10:58:14.4259886-06:00" testType="13cdc9d9-ddb5-4fa4-a97d-d965ccfc6d4b" outcome="Passed" testListId="8c84fa94-04c1-424b-9868-57a2d4851a1d" relativeResultsDirectory="b8e3865a-a949-400e-a8ba-245eb0ceb7f9" />
    <UnitTestResult executionId="e2e0f5b9-09b0-47b4-bf32-e34b0c8610a5" testId="66570bd5-e223-6c0d-e9f7-99af39057f69" testName="RL.API.Tests.Features.Identidad.IdentidadModuleCharacterizationTests.AuthController_ConservaRutaAnonimosYAdministracionModuloDos" computerName="DESKTOP-LIIEAMD" duration="00:00:00.0005329" startTime="2026-07-21T10:58:15.6333595-06:00" endTime="2026-07-21T10:58:15.6333599-06:00" testType="13cdc9d9-ddb5-4fa4-a97d-d965ccfc6d4b" outcome="Passed" testListId="8c84fa94-04c1-424b-9868-57a2d4851a1d" relativeResultsDirectory="e2e0f5b9-09b0-47b4-bf32-e34b0c8610a5" />
    <UnitTestResult executionId="34d7d877-9ebc-44cd-bae3-031fba2a593f" testId="96d9de7d-795c-e961-9491-4a334fd02d5d" testName="RL.API.Tests.Features.Auditoria.AuditoriaModuleCharacterizationTests.ObtenerBitacora_ConservaFiltrosYPaginacion" computerName="DESKTOP-LIIEAMD" duration="00:00:00.1631464" startTime="2026-07-21T10:58:14.7199927-06:00" endTime="2026-07-21T10:58:14.7199931-06:00" testType="13cdc9d9-ddb5-4fa4-a97d-d965ccfc6d4b" outcome="Passed" testListId="8c84fa94-04c1-424b-9868-57a2d4851a1d" relativeResultsDirectory="34d7d877-9ebc-44cd-bae3-031fba2a593f" />
    <UnitTestResult executionId="68ed70d9-c415-43b8-a6ba-72273a4cf5e8" testId="127686a2-19c4-d477-1f5e-0c3d4a9d2186" testName="RL.API.Tests.Features.MatricesRiesgos.MatricesRiesgosApplicationTests.DescargarEvidencia_RutaFueraDelAlmacenamiento_RechazaSinAuditar" computerName="DESKTOP-LIIEAMD" duration="00:00:00.0047558" startTime="2026-07-21T10:58:14.7161884-06:00" endTime="2026-07-21T10:58:14.7161891-06:00" testType="13cdc9d9-ddb5-4fa4-a97d-d965ccfc6d4b" outcome="Passed" testListId="8c84fa94-04c1-424b-9868-57a2d4851a1d" relativeResultsDirectory="68ed70d9-c415-43b8-a6ba-72273a4cf5e8" />
    <UnitTestResult executionId="de858b5f-b0b2-4279-9198-cfc51f7817f4" testId="297add91-9d6a-25a8-8f7b-d0626cf3cd43" testName="RL.API.Tests.Features.MatricesRiesgos.MatricesRiesgosApplicationTests.CargarEvidencia_ArchivoValido_RegistraHashYRetornaMetadata" computerName="DESKTOP-LIIEAMD" duration="00:00:00.0131360" startTime="2026-07-21T10:58:14.8479451-06:00" endTime="2026-07-21T10:58:14.8479462-06:00" testType="13cdc9d9-ddb5-4fa4-a97d-d965ccfc6d4b" outcome="Passed" testListId="8c84fa94-04c1-424b-9868-57a2d4851a1d" relativeResultsDirectory="de858b5f-b0b2-4279-9198-cfc51f7817f4" />
    <UnitTestResult executionId="ec65da09-e2c7-4d0a-8af5-d5907313e48a" testId="d0450c03-439c-35f0-0134-6a59e28c0e09" testName="RL.API.Tests.Features.Configuracion.ConfiguracionModuleCharacterizationTests.ConfiguracionController_ConservaRutaYProteccionDelModulo" computerName="DESKTOP-LIIEAMD" duration="00:00:00.2038743" startTime="2026-07-21T10:58:14.3414124-06:00" endTime="2026-07-21T10:58:14.3414133-06:00" testType="13cdc9d9-ddb5-4fa4-a97d-d965ccfc6d4b" outcome="Passed" testListId="8c84fa94-04c1-424b-9868-57a2d4851a1d" relativeResultsDirectory="ec65da09-e2c7-4d0a-8af5-d5907313e48a" />
    <UnitTestResult executionId="404101a6-74d6-4067-a4ba-5a4022060866" testId="206c83c0-529c-05db-1449-2167ee25cdaf" testName="RL.API.Tests.Features.Configuracion.ConfiguracionModuleCharacterizationTests.Sistema_ConservaContratoPublicoSinCamposInternos" computerName="DESKTOP-LIIEAMD" duration="00:00:00.1916089" startTime="2026-07-21T10:58:14.5415647-06:00" endTime="2026-07-21T10:58:14.5415648-06:00" testType="13cdc9d9-ddb5-4fa4-a97d-d965ccfc6d4b" outcome="Passed" testListId="8c84fa94-04c1-424b-9868-57a2d4851a1d" relativeResultsDirectory="404101a6-74d6-4067-a4ba-5a4022060866" />
    <UnitTestResult executionId="7b24ea8b-cdf8-4611-81c5-6938a85e4424" testId="6d67da67-dd8e-1e9f-142f-f619f71618b1" testName="RL.API.Tests.Features.Listas.ListasApplicationTests.ProcesarCarga_SeleccionaProcesadorSegunFormato(nombre: &quot;lista.csv&quot;, descripcion: &quot;OFAC&quot;, metodoEsperado: &quot;ProcesarArchivoCsvOfacAsync&quot;)" computerName="DESKTOP-LIIEAMD" duration="00:00:00.0001505" startTime="2026-07-21T10:58:14.4288641-06:00" endTime="2026-07-21T10:58:14.4288642-06:00" testType="13cdc9d9-ddb5-4fa4-a97d-d965ccfc6d4b" outcome="Passed" testListId="8c84fa94-04c1-424b-9868-57a2d4851a1d" relativeResultsDirectory="7b24ea8b-cdf8-4611-81c5-6938a85e4424" />
    <UnitTestResult executionId="034a3392-9207-403f-ae36-fc7b95913da4" testId="468dd6e7-c3d2-a7ff-181a-91c9b4a8834e" testName="RL.API.Tests.Features.MatricesRiesgos.MatricesRiesgosApplicationTests.CrearPlan_FechasInvertidas_RechazaSinEscribir" computerName="DESKTOP-LIIEAMD" duration="00:00:00.0004373" startTime="2026-07-21T10:58:14.8646935-06:00" endTime="2026-07-21T10:58:14.8646936-06:00" testType="13cdc9d9-ddb5-4fa4-a97d-d965ccfc6d4b" outcome="Passed" testListId="8c84fa94-04c1-424b-9868-57a2d4851a1d" relativeResultsDirectory="034a3392-9207-403f-ae36-fc7b95913da4" />
    <UnitTestResult executionId="b01b8f50-1196-4059-a75d-ff820d8587a4" testId="d00e20a9-7b2c-fab1-2e3f-c1c9f3c540a9" testName="RL.API.Tests.Features.MatricesRiesgos.MatricesRiesgosApplicationTests.ReactivarCriterio_MotivoValido_RecortaYDelega" computerName="DESKTOP-LIIEAMD" duration="00:00:00.0011375" startTime="2026-07-21T10:58:14.8196887-06:00" endTime="2026-07-21T10:58:14.8196890-06:00" testType="13cdc9d9-ddb5-4fa4-a97d-d965ccfc6d4b" outcome="Passed" testListId="8c84fa94-04c1-424b-9868-57a2d4851a1d" relativeResultsDirectory="b01b8f50-1196-4059-a75d-ff820d8587a4" />
    <UnitTestResult executionId="77b9be09-f592-4d0e-94ff-bda31bb40c65" testId="63f63737-94c5-8591-2b1e-3c302c6474d4" testName="RL.API.Tests.Features.MatricesRiesgos.MatricesRiesgosApplicationTests.Calcular_ResultadoValido_PersisteYRetornaMotor" computerName="DESKTOP-LIIEAMD" duration="00:00:00.0023809" startTime="2026-07-21T10:58:14.7409050-06:00" endTime="2026-07-21T10:58:14.7409054-06:00" testType="13cdc9d9-ddb5-4fa4-a97d-d965ccfc6d4b" outcome="Passed" testListId="8c84fa94-04c1-424b-9868-57a2d4851a1d" relativeResultsDirectory="77b9be09-f592-4d0e-94ff-bda31bb40c65" />
    <UnitTestResult executionId="787e3e9a-c57a-4c16-aa67-d793902285fa" testId="e3ebdbb3-ed89-5a9b-f2e0-4235bee4cec4" testName="RL.API.Tests.Features.MatricesRiesgos.MatricesRiesgosApplicationTests.Obtener_IdInvalido_NoConsultaRepositorio" computerName="DESKTOP-LIIEAMD" duration="00:00:00.0010677" startTime="2026-07-21T10:58:14.8215367-06:00" endTime="2026-07-21T10:58:14.8215369-06:00" testType="13cdc9d9-ddb5-4fa4-a97d-d965ccfc6d4b" outcome="Passed" testListId="8c84fa94-04c1-424b-9868-57a2d4851a1d" relativeResultsDirectory="787e3e9a-c57a-4c16-aa67-d793902285fa" />
    <UnitTestResult executionId="285e19e1-f53f-4fd3-a8ff-811e68172517" testId="66eaa24b-a739-ee0a-50ad-8ba5b8180722" testName="RL.API.Tests.Features.MatricesRiesgos.MatricesRiesgoServiceTests.Calcular_GlobalSinFactoresObligatorios_RechazaSolicitud" computerName="DESKTOP-LIIEAMD" duration="00:00:00.0011301" startTime="2026-07-21T10:58:14.2879079-06:00" endTime="2026-07-21T10:58:14.2879080-06:00" testType="13cdc9d9-ddb5-4fa4-a97d-d965ccfc6d4b" outcome="Passed" testListId="8c84fa94-04c1-424b-9868-57a2d4851a1d" relativeResultsDirectory="285e19e1-f53f-4fd3-a8ff-811e68172517" />
    <UnitTestResult executionId="c11991c9-77b6-4f22-832f-4d519b27f989" testId="d244f278-637a-128a-da51-78b433f4673f" testName="RL.API.Tests.Features.MatricesRiesgos.MatricesRiesgosApplicationTests.CambiarEstado_CierreConPlanRequeridoPendiente_RechazaSinCambiar" computerName="DESKTOP-LIIEAMD" duration="00:00:00.0009067" startTime="2026-07-21T10:58:14.8184990-06:00" endTime="2026-07-21T10:58:14.8184993-06:00" testType="13cdc9d9-ddb5-4fa4-a97d-d965ccfc6d4b" outcome="Passed" testListId="8c84fa94-04c1-424b-9868-57a2d4851a1d" relativeResultsDirectory="c11991c9-77b6-4f22-832f-4d519b27f989" />
    <UnitTestResult executionId="656a82be-aa57-437e-9f30-73adcc10f99c" testId="696e28d3-9720-08d3-b5c0-0942f1f8a86f" testName="RL.API.Tests.Features.MatricesRiesgos.MatricesRiesgosApplicationTests.ReactivarPlan_ReglaRepositorioInvalida_DevuelveBadRequest" computerName="DESKTOP-LIIEAMD" duration="00:00:00.0006281" startTime="2026-07-21T10:58:14.8203675-06:00" endTime="2026-07-21T10:58:14.8203677-06:00" testType="13cdc9d9-ddb5-4fa4-a97d-d965ccfc6d4b" outcome="Passed" testListId="8c84fa94-04c1-424b-9868-57a2d4851a1d" relativeResultsDirectory="656a82be-aa57-437e-9f30-73adcc10f99c" />
    <UnitTestResult executionId="51f3e10c-48a5-4b0f-ad4b-0aa498f4abea" testId="4ebb8ece-1d3a-1f1d-f58f-3a3d79e53d55" testName="RL.API.Tests.Features.Identidad.IdentidadModuleCharacterizationTests.AuthService_RefreshDeUsuarioInactivo_RevocaTokenSinRotarlo" computerName="DESKTOP-LIIEAMD" duration="00:00:00.3664722" startTime="2026-07-21T10:58:14.7588625-06:00" endTime="2026-07-21T10:58:14.7588631-06:00" testType="13cdc9d9-ddb5-4fa4-a97d-d965ccfc6d4b" outcome="Passed" testListId="8c84fa94-04c1-424b-9868-57a2d4851a1d" relativeResultsDirectory="51f3e10c-48a5-4b0f-ad4b-0aa498f4abea" />
    <UnitTestResult executionId="1c9ca425-96ce-472a-b07c-0225b0676d6c" testId="2fdfaf05-f3d2-c6c5-12c4-dc4b74dffbe3" testName="RL.API.Tests.Features.MatricesRiesgos.MatricesRiesgosApplicationTests.DescargarEvidencia_ArchivoValido_RetornaContenidoYAudita" computerName="DESKTOP-LIIEAMD" duration="00:00:00.0169389" startTime="2026-07-21T10:58:14.7357292-06:00" endTime="2026-07-21T10:58:14.7357295-06:00" testType="13cdc9d9-ddb5-4fa4-a97d-d965ccfc6d4b" outcome="Passed" testListId="8c84fa94-04c1-424b-9868-57a2d4851a1d" relativeResultsDirectory="1c9ca425-96ce-472a-b07c-0225b0676d6c" />
    <UnitTestResult executionId="9a2efbe6-2507-4580-b5e8-0fe1ae1b98eb" testId="a5ee2d19-fd77-4fdb-4d03-c66d08f04e1e" testName="RL.API.Tests.Features.Listas.ListasApplicationTests.ProcesarCarga_SeleccionaProcesadorSegunFormato(nombre: &quot;lista.xlsx&quot;, descripcion: &quot;LISTA ENGEL&quot;, metodoEsperado: &quot;ProcesarArchivoExcelEngelAsync&quot;)" computerName="DESKTOP-LIIEAMD" duration="00:00:00.0001442" startTime="2026-07-21T10:58:14.4290358-06:00" endTime="2026-07-21T10:58:14.4290359-06:00" testType="13cdc9d9-ddb5-4fa4-a97d-d965ccfc6d4b" outcome="Passed" testListId="8c84fa94-04c1-424b-9868-57a2d4851a1d" relativeResultsDirectory="9a2efbe6-2507-4580-b5e8-0fe1ae1b98eb" />
    <UnitTestResult executionId="b4314693-7077-43da-b64d-e20ed8035610" testId="37f4896d-5edb-1a9e-97a1-bd88dbc80567" testName="RL.API.Tests.Features.MatricesRiesgos.MatricesRiesgosApplicationTests.ReactivarPlan_DatosInvalidos_RechazaSinEscribir(matrizId: 0, planId: 44, motivo: &quot;Reapertura autorizada&quot;)" computerName="DESKTOP-LIIEAMD" duration="00:00:00.0000121" startTime="2026-07-21T10:58:14.7644514-06:00" endTime="2026-07-21T10:58:14.7644515-06:00" testType="13cdc9d9-ddb5-4fa4-a97d-d965ccfc6d4b" outcome="Passed" testListId="8c84fa94-04c1-424b-9868-57a2d4851a1d" relativeResultsDirectory="b4314693-7077-43da-b64d-e20ed8035610" />
    <UnitTestResult executionId="579faaab-6a83-447d-a700-e413714fa560" testId="eec487a1-d36e-6315-942e-fced18037fc0" testName="RL.API.Tests.Features.Identidad.IdentidadModuleCharacterizationTests.AuthService_RefreshValido_RevocaYRotaToken" computerName="DESKTOP-LIIEAMD" duration="00:00:00.1329587" startTime="2026-07-21T10:58:15.7762251-06:00" endTime="2026-07-21T10:58:15.7762257-06:00" testType="13cdc9d9-ddb5-4fa4-a97d-d965ccfc6d4b" outcome="Passed" testListId="8c84fa94-04c1-424b-9868-57a2d4851a1d" relativeResultsDirectory="579faaab-6a83-447d-a700-e413714fa560" />
    <UnitTestResult executionId="2dd2af6d-b51b-4771-9d93-38e11e02f783" testId="58b6017e-e183-f010-7291-e551ad596b44" testName="RL.API.Tests.Features.Identidad.IdentidadModuleCharacterizationTests.AuthService_LoginInvalido_IncrementaIntentosYAuditaSinEmitirToken" computerName="DESKTOP-LIIEAMD" duration="00:00:00.2550452" startTime="2026-07-21T10:58:15.6327409-06:00" endTime="2026-07-21T10:58:15.6327413-06:00" testType="13cdc9d9-ddb5-4fa4-a97d-d965ccfc6d4b" outcome="Passed" testListId="8c84fa94-04c1-424b-9868-57a2d4851a1d" relativeResultsDirectory="2dd2af6d-b51b-4771-9d93-38e11e02f783" />
    <UnitTestResult executionId="02fa6b3f-206f-462d-b23f-6fe9b52102e6" testId="15000ff5-43fc-145f-cb78-bcc01372e59c" testName="RL.API.Tests.Features.MatricesRiesgos.MatricesRiesgosApplicationTests.ListarEvidencias_MatrizExistente_RetornaColeccion" computerName="DESKTOP-LIIEAMD" duration="00:00:00.0014016" startTime="2026-07-21T10:58:14.8494320-06:00" endTime="2026-07-21T10:58:14.8494324-06:00" testType="13cdc9d9-ddb5-4fa4-a97d-d965ccfc6d4b" outcome="Passed" testListId="8c84fa94-04c1-424b-9868-57a2d4851a1d" relativeResultsDirectory="02fa6b3f-206f-462d-b23f-6fe9b52102e6" />
    <UnitTestResult executionId="9c750b52-e8de-4d91-985e-1e70278ac294" testId="344092be-7e7a-fdfd-654f-0f1a595ab274" testName="RL.API.Tests.Features.MatricesRiesgos.MatricesRiesgosApplicationTests.InactivarPlan_MotivoValido_RecortaYDelega" computerName="DESKTOP-LIIEAMD" duration="00:00:00.0011976" startTime="2026-07-21T10:58:14.7433293-06:00" endTime="2026-07-21T10:58:14.7433294-06:00" testType="13cdc9d9-ddb5-4fa4-a97d-d965ccfc6d4b" outcome="Passed" testListId="8c84fa94-04c1-424b-9868-57a2d4851a1d" relativeResultsDirectory="9c750b52-e8de-4d91-985e-1e70278ac294" />
    <UnitTestResult executionId="57278d95-4302-434c-86ff-c3326f896c1d" testId="b16d8ba4-b4f0-fa2e-6d6a-c0abfe4c493e" testName="RL.API.Tests.Features.Catalogos.CatalogosModuleTests.CatalogoService_DelegaConsultasAlRepositorio" computerName="DESKTOP-LIIEAMD" duration="00:00:00.0026259" startTime="2026-07-21T10:58:14.5472550-06:00" endTime="2026-07-21T10:58:14.5472552-06:00" testType="13cdc9d9-ddb5-4fa4-a97d-d965ccfc6d4b" outcome="Passed" testListId="8c84fa94-04c1-424b-9868-57a2d4851a1d" relativeResultsDirectory="57278d95-4302-434c-86ff-c3326f896c1d" />
    <UnitTestResult executionId="943a5e40-6063-4e42-b4b3-b1f03822d3a9" testId="1030546c-e4f4-0378-6884-2d1f61233f0e" testName="RL.API.Tests.Features.MatricesRiesgos.MatricesRiesgosApplicationTests.ReactivarPlan_DatosInvalidos_RechazaSinEscribir(matrizId: 12, planId: 44, motivo: &quot; &quot;)" computerName="DESKTOP-LIIEAMD" duration="00:00:00.0002490" startTime="2026-07-21T10:58:14.7644217-06:00" endTime="2026-07-21T10:58:14.7644218-06:00" testType="13cdc9d9-ddb5-4fa4-a97d-d965ccfc6d4b" outcome="Passed" testListId="8c84fa94-04c1-424b-9868-57a2d4851a1d" relativeResultsDirectory="943a5e40-6063-4e42-b4b3-b1f03822d3a9" />
    <UnitTestResult executionId="975accaa-25c8-4591-a790-6f766bc3569c" testId="bd759d5c-e43b-eeab-8bc9-356a77e2a53d" testName="RL.API.Tests.Middleware.ErrorHandlingMiddlewareTests.Invoke_ExcepcionNoControlada_OcultaDetalleYDevuelveTraceId" computerName="DESKTOP-LIIEAMD" duration="00:00:00.4394246" startTime="2026-07-21T10:58:14.5768607-06:00" endTime="2026-07-21T10:58:14.5768614-06:00" testType="13cdc9d9-ddb5-4fa4-a97d-d965ccfc6d4b" outcome="Passed" testListId="8c84fa94-04c1-424b-9868-57a2d4851a1d" relativeResultsDirectory="975accaa-25c8-4591-a790-6f766bc3569c" />
    <UnitTestResult executionId="47aec19e-5b24-4b39-acf2-554e4e7bbb93" testId="bcd3ba29-5c8b-12e2-6058-867356297a1c" testName="RL.API.Tests.Features.MatricesRiesgos.MatricesRiesgosApplicationTests.CambiarEstado_MatrizInactivaSoloPermiteActivarARevision" computerName="DESKTOP-LIIEAMD" duration="00:00:00.0026567" startTime="2026-07-21T10:58:14.7460388-06:00" endTime="2026-07-21T10:58:14.7460389-06:00" testType="13cdc9d9-ddb5-4fa4-a97d-d965ccfc6d4b" outcome="Passed" testListId="8c84fa94-04c1-424b-9868-57a2d4851a1d" relativeResultsDirectory="47aec19e-5b24-4b39-acf2-554e4e7bbb93" />
    <UnitTestResult executionId="f2f0f900-a9c3-40cb-918f-ff98926d785f" testId="226c9a38-1610-9b4a-0b93-d20e2635e52f" testName="RL.API.Tests.Features.Auditoria.AuditoriaModuleCharacterizationTests.RegistrarExportacion_ConservaAccionExplicitaYContexto" computerName="DESKTOP-LIIEAMD" duration="00:00:00.0013494" startTime="2026-07-21T10:58:14.7215396-06:00" endTime="2026-07-21T10:58:14.7215404-06:00" testType="13cdc9d9-ddb5-4fa4-a97d-d965ccfc6d4b" outcome="Passed" testListId="8c84fa94-04c1-424b-9868-57a2d4851a1d" relativeResultsDirectory="f2f0f900-a9c3-40cb-918f-ff98926d785f" />
    <UnitTestResult executionId="5616f26a-302f-4ceb-9245-6662a954e19d" testId="102cbf5c-8208-0eb8-43e4-cf2b30b4a7c1" testName="RL.API.Tests.Features.MatricesRiesgos.MatricesRiesgosApplicationTests.ReactivarPlan_DatosInvalidos_RechazaSinEscribir(matrizId: 12, planId: 0, motivo: &quot;Reapertura autorizada&quot;)" computerName="DESKTOP-LIIEAMD" duration="00:00:00.0009720" startTime="2026-07-21T10:58:14.7641384-06:00" endTime="2026-07-21T10:58:14.7641386-06:00" testType="13cdc9d9-ddb5-4fa4-a97d-d965ccfc6d4b" outcome="Passed" testListId="8c84fa94-04c1-424b-9868-57a2d4851a1d" relativeResultsDirectory="5616f26a-302f-4ceb-9245-6662a954e19d" />
    <UnitTestResult executionId="bedc012d-f1a0-43b6-822d-e8a0a9c9b9f2" testId="d7db87be-d8fb-52f8-2565-1450f9834943" testName="RL.API.Tests.Features.Auditoria.AuditoriaModuleCharacterizationTests.AuditoriaService_ConservaClasificacionDeExportaciones(clave: &quot;archivo&quot;, valor: &quot;bitacora.pdf&quot;, accionEsperada: &quot;EXPORTACION_PDF&quot;)" computerName="DESKTOP-LIIEAMD" duration="00:00:00.0000313" startTime="2026-07-21T10:58:14.5567912-06:00" endTime="2026-07-21T10:58:14.5567914-06:00" testType="13cdc9d9-ddb5-4fa4-a97d-d965ccfc6d4b" outcome="Passed" testListId="8c84fa94-04c1-424b-9868-57a2d4851a1d" relativeResultsDirectory="bedc012d-f1a0-43b6-822d-e8a0a9c9b9f2" />
    <UnitTestResult executionId="722c027c-7b34-4dbc-b64b-4f2e5163317a" testId="43d605e7-ec50-a0b4-0f0b-e060f31ed58d" testName="RL.API.Tests.Features.Identidad.IdentidadModuleCharacterizationTests.AuthService_RefreshInexistente_NoRevocaNiGeneraToken" computerName="DESKTOP-LIIEAMD" duration="00:00:00.2549687" startTime="2026-07-21T10:58:14.3923234-06:00" endTime="2026-07-21T10:58:14.3923244-06:00" testType="13cdc9d9-ddb5-4fa4-a97d-d965ccfc6d4b" outcome="Passed" testListId="8c84fa94-04c1-424b-9868-57a2d4851a1d" relativeResultsDirectory="722c027c-7b34-4dbc-b64b-4f2e5163317a" />
    <UnitTestResult executionId="df4b08ac-b3f5-44e9-aae9-3b3f10a77139" testId="98644b29-8c2e-a09c-637d-aee4a687ddad" testName="RL.API.Tests.Features.Listas.ListasApplicationTests.CrearTipoLista_RepositorioSinId_DevuelveBadRequest" computerName="DESKTOP-LIIEAMD" duration="00:00:00.0011077" startTime="2026-07-21T10:58:14.4342052-06:00" endTime="2026-07-21T10:58:14.4342053-06:00" testType="13cdc9d9-ddb5-4fa4-a97d-d965ccfc6d4b" outcome="Passed" testListId="8c84fa94-04c1-424b-9868-57a2d4851a1d" relativeResultsDirectory="df4b08ac-b3f5-44e9-aae9-3b3f10a77139" />
    <UnitTestResult executionId="0af2f162-7d16-43f3-a0d3-6137ccfc4969" testId="b719ad43-8bd7-57fe-59ad-22c7c46d4610" testName="RL.API.Tests.Features.Listas.ListasApplicationTests.RegistrarPositivo_DatosInvalidos_NoInvocaRepositorio" computerName="DESKTOP-LIIEAMD" duration="00:00:00.0003875" startTime="2026-07-21T10:58:14.4330598-06:00" endTime="2026-07-21T10:58:14.4330600-06:00" testType="13cdc9d9-ddb5-4fa4-a97d-d965ccfc6d4b" outcome="Passed" testListId="8c84fa94-04c1-424b-9868-57a2d4851a1d" relativeResultsDirectory="0af2f162-7d16-43f3-a0d3-6137ccfc4969" />
    <UnitTestResult executionId="1010a7e1-0c53-4db6-a5c2-5747558a9c03" testId="e0fc4cca-d33c-405c-4738-cca73d8d620c" testName="RL.API.Tests.Features.MatricesRiesgos.MatricesRiesgosApplicationTests.CargarEvidencia_FalloRepositorio_EliminaArchivoFisico" computerName="DESKTOP-LIIEAMD" duration="00:00:00.0529961" startTime="2026-07-21T10:58:14.8175321-06:00" endTime="2026-07-21T10:58:14.8175326-06:00" testType="13cdc9d9-ddb5-4fa4-a97d-d965ccfc6d4b" outcome="Passed" testListId="8c84fa94-04c1-424b-9868-57a2d4851a1d" relativeResultsDirectory="1010a7e1-0c53-4db6-a5c2-5747558a9c03" />
    <UnitTestResult executionId="491b5b10-6397-40ff-b631-a975efe7a6dd" testId="938d6428-6cea-cffc-22a7-4117d4d47a53" testName="RL.API.Tests.Features.Listas.ListasApplicationTests.ProcesarCarga_ArchivoNoValido_ConservaMensajeDelRepositorio" computerName="DESKTOP-LIIEAMD" duration="00:00:00.0005527" startTime="2026-07-21T10:58:14.4296345-06:00" endTime="2026-07-21T10:58:14.4296347-06:00" testType="13cdc9d9-ddb5-4fa4-a97d-d965ccfc6d4b" outcome="Passed" testListId="8c84fa94-04c1-424b-9868-57a2d4851a1d" relativeResultsDirectory="491b5b10-6397-40ff-b631-a975efe7a6dd" />
    <UnitTestResult executionId="ae8e2992-9656-421b-8e12-1d47eedfbeaa" testId="28f36dd7-1840-f387-0ca7-b3f5bcfca5f2" testName="RL.API.Tests.Features.MatricesRiesgos.MatricesRiesgosApplicationTests.Actualizar_MatrizInexistente_DevuelveNotFound" computerName="DESKTOP-LIIEAMD" duration="00:00:00.0012220" startTime="2026-07-21T10:58:14.8665039-06:00" endTime="2026-07-21T10:58:14.8665040-06:00" testType="13cdc9d9-ddb5-4fa4-a97d-d965ccfc6d4b" outcome="Passed" testListId="8c84fa94-04c1-424b-9868-57a2d4851a1d" relativeResultsDirectory="ae8e2992-9656-421b-8e12-1d47eedfbeaa" />
    <UnitTestResult executionId="34d8c846-375d-4e17-9658-789592987d13" testId="9fc2dc61-a0c5-db32-4284-ed6bfdb82258" testName="RL.API.Tests.Features.MatricesRiesgos.MatricesRiesgosApplicationTests.CambiarEstado_EstadoInvalido_NoInvocaRepositorio" computerName="DESKTOP-LIIEAMD" duration="00:00:00.0004360" startTime="2026-07-21T10:58:14.8320299-06:00" endTime="2026-07-21T10:58:14.8320301-06:00" testType="13cdc9d9-ddb5-4fa4-a97d-d965ccfc6d4b" outcome="Passed" testListId="8c84fa94-04c1-424b-9868-57a2d4851a1d" relativeResultsDirectory="34d8c846-375d-4e17-9658-789592987d13" />
    <UnitTestResult executionId="ac6afabb-8c6c-4455-90c9-c696998e0418" testId="8a9e40a5-7594-9eb1-728c-005f217ce416" testName="RL.API.Tests.Features.Configuracion.ConfiguracionModuleCharacterizationTests.ConfiguracionService_ActualizarSlide_UsaIdDeRutaYAuditaAnterior" computerName="DESKTOP-LIIEAMD" duration="00:00:00.0061930" startTime="2026-07-21T10:58:14.3477056-06:00" endTime="2026-07-21T10:58:14.3477061-06:00" testType="13cdc9d9-ddb5-4fa4-a97d-d965ccfc6d4b" outcome="Passed" testListId="8c84fa94-04c1-424b-9868-57a2d4851a1d" relativeResultsDirectory="ac6afabb-8c6c-4455-90c9-c696998e0418" />
    <UnitTestResult executionId="6efb60c8-a98f-4d48-a3d8-39db88cbc6f5" testId="d1cf9d3e-859b-b8a2-69bb-7cddba8046dc" testName="RL.API.Tests.Features.Configuracion.ConfiguracionModuleCharacterizationTests.ConfiguracionService_GuardarSistema_ConservaAuditoriaDeActualizacion" computerName="DESKTOP-LIIEAMD" duration="00:00:00.0044178" startTime="2026-07-21T10:58:14.5460427-06:00" endTime="2026-07-21T10:58:14.5460430-06:00" testType="13cdc9d9-ddb5-4fa4-a97d-d965ccfc6d4b" outcome="Passed" testListId="8c84fa94-04c1-424b-9868-57a2d4851a1d" relativeResultsDirectory="6efb60c8-a98f-4d48-a3d8-39db88cbc6f5" />
    <UnitTestResult executionId="d12fee8d-bde6-44ea-afb1-12d6303501cd" testId="7ce258e5-30ca-7db8-998f-7a663d408b4d" testName="RL.API.Tests.Features.MatricesRiesgos.MatricesRiesgosApplicationTests.ExportarReporte_FechaFinalFutura_NoConsultaRepositorio" computerName="DESKTOP-LIIEAMD" duration="00:00:00.0004433" startTime="2026-07-21T10:58:14.8677805-06:00" endTime="2026-07-21T10:58:14.8677806-06:00" testType="13cdc9d9-ddb5-4fa4-a97d-d965ccfc6d4b" outcome="Passed" testListId="8c84fa94-04c1-424b-9868-57a2d4851a1d" relativeResultsDirectory="d12fee8d-bde6-44ea-afb1-12d6303501cd" />
    <UnitTestResult executionId="3f5d96c1-0c73-468c-abaa-8931301e5214" testId="e85ed715-1ec2-4a4c-9afb-5e4be8e86dea" testName="RL.API.Tests.Features.MatricesRiesgos.MatricesRiesgosApplicationTests.CrearCriterio_Valido_NormalizaYRetornaCreado" computerName="DESKTOP-LIIEAMD" duration="00:00:00.0024810" startTime="2026-07-21T10:58:14.8280674-06:00" endTime="2026-07-21T10:58:14.8280677-06:00" testType="13cdc9d9-ddb5-4fa4-a97d-d965ccfc6d4b" outcome="Passed" testListId="8c84fa94-04c1-424b-9868-57a2d4851a1d" relativeResultsDirectory="3f5d96c1-0c73-468c-abaa-8931301e5214" />
    <UnitTestResult executionId="192b43ae-f635-48a8-a3a6-69efaa00f07f" testId="9a7dacf6-d65f-5b2a-73dc-420958f0e8e3" testName="RL.API.Tests.Features.MatricesRiesgos.MatricesRiesgosApplicationTests.Dashboard_NormalizaFiltrosYDelegaAlRepositorio" computerName="DESKTOP-LIIEAMD" duration="00:00:00.0015999" startTime="2026-07-21T10:58:14.7609609-06:00" endTime="2026-07-21T10:58:14.7609611-06:00" testType="13cdc9d9-ddb5-4fa4-a97d-d965ccfc6d4b" outcome="Passed" testListId="8c84fa94-04c1-424b-9868-57a2d4851a1d" relativeResultsDirectory="192b43ae-f635-48a8-a3a6-69efaa00f07f" />
    <UnitTestResult executionId="e6c96b9a-9fb1-4686-98e1-597daccf7b99" testId="a802f3f0-ae86-0065-f9fc-9f8fc63ff3d2" testName="RL.API.Tests.Features.MatricesRiesgos.MatricesRiesgoServiceTests.Calcular_FactorConControlValido_AplicaMitigacionYPlanPorRiesgoAlto" computerName="DESKTOP-LIIEAMD" duration="00:00:00.1128561" startTime="2026-07-21T10:58:14.2540450-06:00" endTime="2026-07-21T10:58:14.2540947-06:00" testType="13cdc9d9-ddb5-4fa4-a97d-d965ccfc6d4b" outcome="Passed" testListId="8c84fa94-04c1-424b-9868-57a2d4851a1d" relativeResultsDirectory="e6c96b9a-9fb1-4686-98e1-597daccf7b99" />
    <UnitTestResult executionId="c40769c8-b83e-4869-9e74-a87ccc08bb3f" testId="b2075dc3-dddf-4ab7-1c2a-a5954d7f4520" testName="RL.API.Tests.Features.MatricesRiesgos.MatricesRiesgosApplicationTests.CambiarEstado_NormalizaEstadoYDelegaMotivo" computerName="DESKTOP-LIIEAMD" duration="00:00:00.0007388" startTime="2026-07-21T10:58:14.8299274-06:00" endTime="2026-07-21T10:58:14.8299276-06:00" testType="13cdc9d9-ddb5-4fa4-a97d-d965ccfc6d4b" outcome="Passed" testListId="8c84fa94-04c1-424b-9868-57a2d4851a1d" relativeResultsDirectory="c40769c8-b83e-4869-9e74-a87ccc08bb3f" />
    <UnitTestResult executionId="7c082b8b-bfd8-4379-ad44-b9b289a5dde6" testId="f67c8249-963a-e7a8-4951-f7ef4caaf55d" testName="RL.API.Tests.Features.Listas.ListasApplicationTests.RegistrarPositivo_DatosValidos_NormalizaYDelega" computerName="DESKTOP-LIIEAMD" duration="00:00:00.0015747" startTime="2026-07-21T10:58:14.4326252-06:00" endTime="2026-07-21T10:58:14.4326254-06:00" testType="13cdc9d9-ddb5-4fa4-a97d-d965ccfc6d4b" outcome="Passed" testListId="8c84fa94-04c1-424b-9868-57a2d4851a1d" relativeResultsDirectory="7c082b8b-bfd8-4379-ad44-b9b289a5dde6" />
    <UnitTestResult executionId="3e500d11-1592-4343-889b-ce3b430dca6a" testId="c05e74d4-868f-35b8-a0c5-def7b70443af" testName="RL.API.Tests.Features.MatricesRiesgos.MatricesRiesgosApplicationTests.ActualizarCriterio_NoEncontrado_NoListaCatalogo" computerName="DESKTOP-LIIEAMD" duration="00:00:00.0013982" startTime="2026-07-21T10:58:14.8347287-06:00" endTime="2026-07-21T10:58:14.8347290-06:00" testType="13cdc9d9-ddb5-4fa4-a97d-d965ccfc6d4b" outcome="Passed" testListId="8c84fa94-04c1-424b-9868-57a2d4851a1d" relativeResultsDirectory="3e500d11-1592-4343-889b-ce3b430dca6a" />
    <UnitTestResult executionId="de3586e4-cbaa-445d-8c7c-6e19ca885b46" testId="d4516b70-ba8b-757e-293f-5a9792bdbf6c" testName="RL.API.Tests.Features.MatricesRiesgos.MatricesRiesgosApplicationTests.CrearPlan_DatosValidos_NormalizaYRetornaPlan" computerName="DESKTOP-LIIEAMD" duration="00:00:00.0027351" startTime="2026-07-21T10:58:14.8255136-06:00" endTime="2026-07-21T10:58:14.8255139-06:00" testType="13cdc9d9-ddb5-4fa4-a97d-d965ccfc6d4b" outcome="Passed" testListId="8c84fa94-04c1-424b-9868-57a2d4851a1d" relativeResultsDirectory="de3586e4-cbaa-445d-8c7c-6e19ca885b46" />
    <UnitTestResult executionId="5bf7e1f0-78d2-487e-910a-d758446208e5" testId="b004c9c7-f5d9-afe2-887e-5f2ad5a9c858" testName="RL.API.Tests.Features.Catalogos.CatalogosModuleTests.CatalogosController_Roles_ConservaContratoPublico" computerName="DESKTOP-LIIEAMD" duration="00:00:00.0036319" startTime="2026-07-21T10:58:14.5509436-06:00" endTime="2026-07-21T10:58:14.5509438-06:00" testType="13cdc9d9-ddb5-4fa4-a97d-d965ccfc6d4b" outcome="Passed" testListId="8c84fa94-04c1-424b-9868-57a2d4851a1d" relativeResultsDirectory="5bf7e1f0-78d2-487e-910a-d758446208e5" />
    <UnitTestResult executionId="97105efe-6d50-4432-8602-92f2c3d80fe0" testId="87be62c8-de40-63d7-fcb8-b593a1c61f9b" testName="RL.API.Tests.Features.Listas.ListasApplicationTests.ProcesarCarga_SeleccionaProcesadorSegunFormato(nombre: &quot;lista.xml&quot;, descripcion: &quot;&quot;, metodoEsperado: &quot;ProcesarArchivoXmlOnuAsync&quot;)" computerName="DESKTOP-LIIEAMD" duration="00:00:00.0021732" startTime="2026-07-21T10:58:14.4282207-06:00" endTime="2026-07-21T10:58:14.4282209-06:00" testType="13cdc9d9-ddb5-4fa4-a97d-d965ccfc6d4b" outcome="Passed" testListId="8c84fa94-04c1-424b-9868-57a2d4851a1d" relativeResultsDirectory="97105efe-6d50-4432-8602-92f2c3d80fe0" />
    <UnitTestResult executionId="876e6f56-2aa2-404a-9195-b8b75fa2d7ec" testId="8469c3b5-d174-ecfb-3806-605948f18619" testName="RL.API.Tests.Features.MatricesRiesgos.MatricesRiesgosApplicationTests.Crear_SinDetalles_RechazaSinEscribir" computerName="DESKTOP-LIIEAMD" duration="00:00:00.0020425" startTime="2026-07-21T10:58:14.7630714-06:00" endTime="2026-07-21T10:58:14.7630717-06:00" testType="13cdc9d9-ddb5-4fa4-a97d-d965ccfc6d4b" outcome="Passed" testListId="8c84fa94-04c1-424b-9868-57a2d4851a1d" relativeResultsDirectory="876e6f56-2aa2-404a-9195-b8b75fa2d7ec" />
    <UnitTestResult executionId="9004d31d-817c-4040-807e-4c6e81d56c88" testId="159591d5-1759-fefa-3163-5a983b6b4d63" testName="RL.API.Tests.Features.MatricesRiesgos.MatricesRiesgosApplicationTests.ListarPlanes_MatrizInexistente_DevuelveNotFound" computerName="DESKTOP-LIIEAMD" duration="00:00:00.0010228" startTime="2026-07-21T10:58:14.8291461-06:00" endTime="2026-07-21T10:58:14.8291464-06:00" testType="13cdc9d9-ddb5-4fa4-a97d-d965ccfc6d4b" outcome="Passed" testListId="8c84fa94-04c1-424b-9868-57a2d4851a1d" relativeResultsDirectory="9004d31d-817c-4040-807e-4c6e81d56c88" />
    <UnitTestResult executionId="6975691b-0ae1-4de3-b128-04416c84010a" testId="288b9e9c-4663-0a0a-a899-2ac2547996ba" testName="RL.API.Tests.Features.MatricesRiesgos.MatricesRiesgosApplicationTests.EliminarMatriz_Aprobada_RechazaSinInactivar" computerName="DESKTOP-LIIEAMD" duration="00:00:00.0012025" startTime="2026-07-21T10:58:14.8332785-06:00" endTime="2026-07-21T10:58:14.8332786-06:00" testType="13cdc9d9-ddb5-4fa4-a97d-d965ccfc6d4b" outcome="Passed" testListId="8c84fa94-04c1-424b-9868-57a2d4851a1d" relativeResultsDirectory="6975691b-0ae1-4de3-b128-04416c84010a" />
    <UnitTestResult executionId="339b248b-6a9f-4de3-8135-0612662be609" testId="5e7aa69f-4a5f-6819-acb8-cbf9465e6f23" testName="RL.API.Tests.Features.Auditoria.AuditoriaModuleCharacterizationTests.ObtenerBitacora_ConservaErrorSeguroConTraceId" computerName="DESKTOP-LIIEAMD" duration="00:00:00.0058654" startTime="2026-07-21T10:58:14.7273942-06:00" endTime="2026-07-21T10:58:14.7273945-06:00" testType="13cdc9d9-ddb5-4fa4-a97d-d965ccfc6d4b" outcome="Passed" testListId="8c84fa94-04c1-424b-9868-57a2d4851a1d" relativeResultsDirectory="339b248b-6a9f-4de3-8135-0612662be609" />
    <UnitTestResult executionId="7d99508b-bdf4-4e6e-94ad-11806ff87064" testId="f778eeeb-b237-0174-fd3b-e49d5a15324c" testName="RL.API.Tests.Features.Auditoria.AuditoriaModuleCharacterizationTests.AuditoriaController_ConservaRutaYModulosAutorizados" computerName="DESKTOP-LIIEAMD" duration="00:00:00.0021666" startTime="2026-07-21T10:58:14.7296391-06:00" endTime="2026-07-21T10:58:14.7296393-06:00" testType="13cdc9d9-ddb5-4fa4-a97d-d965ccfc6d4b" outcome="Passed" testListId="8c84fa94-04c1-424b-9868-57a2d4851a1d" relativeResultsDirectory="7d99508b-bdf4-4e6e-94ad-11806ff87064" />
    <UnitTestResult executionId="bd58eca4-8dd1-4870-a03b-b35360ba0e52" testId="12345058-a0db-3860-97d4-18267c542ca9" testName="RL.API.Tests.Features.MatricesRiesgos.MatricesRiesgosApplicationTests.CargarEvidencia_FirmaInvalida_RechazaAntesDelRepositorio" computerName="DESKTOP-LIIEAMD" duration="00:00:00.0005148" startTime="2026-07-21T10:58:14.8652452-06:00" endTime="2026-07-21T10:58:14.8652453-06:00" testType="13cdc9d9-ddb5-4fa4-a97d-d965ccfc6d4b" outcome="Passed" testListId="8c84fa94-04c1-424b-9868-57a2d4851a1d" relativeResultsDirectory="bd58eca4-8dd1-4870-a03b-b35360ba0e52" />
    <UnitTestResult executionId="c3f730cf-96a8-42da-9fa6-d49dfe7e1b6c" testId="995aac8c-b843-1fcf-4973-d63c9b5f1e99" testName="RL.API.Tests.Features.Auditoria.AuditoriaModuleCharacterizationTests.RegistrarExportacion_RechazaContratoInvalidoSinAuditar" computerName="DESKTOP-LIIEAMD" duration="00:00:00.4151247" startTime="2026-07-21T10:58:14.5525575-06:00" endTime="2026-07-21T10:58:14.5525577-06:00" testType="13cdc9d9-ddb5-4fa4-a97d-d965ccfc6d4b" outcome="Passed" testListId="8c84fa94-04c1-424b-9868-57a2d4851a1d" relativeResultsDirectory="c3f730cf-96a8-42da-9fa6-d49dfe7e1b6c" />
    <UnitTestResult executionId="c58711c1-cc33-40b9-a9ad-fbe7b3573a9a" testId="2b34f0fb-8f84-5713-30bb-7d5a860ec44e" testName="RL.API.Tests.Features.MatricesRiesgos.MatricesRiesgosApplicationTests.CrearPlan_FechaInicioPasada_RechazaSinEscribir" computerName="DESKTOP-LIIEAMD" duration="00:00:00.0005351" startTime="2026-07-21T10:58:14.8636705-06:00" endTime="2026-07-21T10:58:14.8636707-06:00" testType="13cdc9d9-ddb5-4fa4-a97d-d965ccfc6d4b" outcome="Passed" testListId="8c84fa94-04c1-424b-9868-57a2d4851a1d" relativeResultsDirectory="c58711c1-cc33-40b9-a9ad-fbe7b3573a9a" />
    <UnitTestResult executionId="670d2f67-23d8-4d82-a920-290cb4218974" testId="84f797f9-393d-aca8-d2f1-8f303a6b5a90" testName="RL.API.Tests.Features.MatricesRiesgos.MatricesRiesgosApplicationTests.EliminarCriterio_ConUsoHistorico_RechazaSinEliminar" computerName="DESKTOP-LIIEAMD" duration="00:00:00.5738647" startTime="2026-07-21T10:58:14.7113509-06:00" endTime="2026-07-21T10:58:14.7113513-06:00" testType="13cdc9d9-ddb5-4fa4-a97d-d965ccfc6d4b" outcome="Passed" testListId="8c84fa94-04c1-424b-9868-57a2d4851a1d" relativeResultsDirectory="670d2f67-23d8-4d82-a920-290cb4218974" />
    <UnitTestResult executionId="cff79eb7-5c18-405e-9618-06e0bb69638c" testId="23f643f2-7f94-09ea-7011-2d8141bc0e50" testName="RL.API.Tests.Features.ModuleBoundariesTests.MatricesRiesgosController_ConservaRutaYModuloAutorizado" computerName="DESKTOP-LIIEAMD" duration="00:00:00.0018666" startTime="2026-07-21T10:58:14.3414456-06:00" endTime="2026-07-21T10:58:14.3414456-06:00" testType="13cdc9d9-ddb5-4fa4-a97d-d965ccfc6d4b" outcome="Passed" testListId="8c84fa94-04c1-424b-9868-57a2d4851a1d" relativeResultsDirectory="cff79eb7-5c18-405e-9618-06e0bb69638c" />
    <UnitTestResult executionId="777972a0-3859-49ca-9905-899e1c42f718" testId="6633b821-4433-a5bc-341c-c3f3d3c3fa30" testName="RL.API.Tests.Features.Configuracion.ConfiguracionModuleCharacterizationTests.ConfiguracionService_NoAuditaCuandoPersistenciaFalla" computerName="DESKTOP-LIIEAMD" duration="00:00:00.0021132" startTime="2026-07-21T10:58:14.3498697-06:00" endTime="2026-07-21T10:58:14.3498707-06:00" testType="13cdc9d9-ddb5-4fa4-a97d-d965ccfc6d4b" outcome="Passed" testListId="8c84fa94-04c1-424b-9868-57a2d4851a1d" relativeResultsDirectory="777972a0-3859-49ca-9905-899e1c42f718" />
    <UnitTestResult executionId="a98a10b0-e11c-4979-b7c0-2490189f04a3" testId="223d4a71-92be-5936-8fee-3cf9c1a00eef" testName="RL.API.Tests.Features.MatricesRiesgos.MatricesRiesgosApplicationTests.Crear_DatosValidos_NormalizaYRetornaDetalle" computerName="DESKTOP-LIIEAMD" duration="00:00:00.0007549" startTime="2026-07-21T10:58:14.8672954-06:00" endTime="2026-07-21T10:58:14.8672955-06:00" testType="13cdc9d9-ddb5-4fa4-a97d-d965ccfc6d4b" outcome="Passed" testListId="8c84fa94-04c1-424b-9868-57a2d4851a1d" relativeResultsDirectory="a98a10b0-e11c-4979-b7c0-2490189f04a3" />
  </Results>
  <TestDefinitions>
    <UnitTest name="RL.API.Tests.Features.Listas.ListasApplicationTests.ProcesarCarga_SeleccionaProcesadorSegunFormato(nombre: &quot;lista.xls&quot;, descripcion: &quot;PEPS&quot;, metodoEsperado: &quot;ProcesarArchivoExcelPepsAsync&quot;)" storage="c:\riesgo_lavado\backend\rl.api.tests\bin\release\net10.0\rl.api.tests.dll" id="54a92c04-7105-d9d9-f6a9-380b410392db">
      <Execution id="017341ca-02f0-4441-9489-08cddad82dab" />
      <TestMethod codeBase="C:\RIESGO_LAVADO\backend\RL.API.Tests\bin\Release\net10.0\RL.API.Tests.dll" adapterTypeName="executor://xunit/VsTestRunner2/netcoreapp" className="RL.API.Tests.Features.Listas.ListasApplicationTests" name="ProcesarCarga_SeleccionaProcesadorSegunFormato" />
    </UnitTest>
    <UnitTest name="RL.API.Tests.Features.MatricesRiesgos.MatricesRiesgosApplicationTests.ExportarReporte_FormatoInvalido_NoConsultaRepositorio" storage="c:\riesgo_lavado\backend\rl.api.tests\bin\release\net10.0\rl.api.tests.dll" id="08bc2e51-5b25-7f30-5c96-618692211932">
      <Execution id="f46704da-4b72-4e4c-a784-65816c7f50b8" />
      <TestMethod codeBase="C:\RIESGO_LAVADO\backend\RL.API.Tests\bin\Release\net10.0\RL.API.Tests.dll" adapterTypeName="executor://xunit/VsTestRunner2/netcoreapp" className="RL.API.Tests.Features.MatricesRiesgos.MatricesRiesgosApplicationTests" name="ExportarReporte_FormatoInvalido_NoConsultaRepositorio" />
    </UnitTest>
    <UnitTest name="RL.API.Tests.Features.MatricesRiesgos.MatricesRiesgosApplicationTests.Actualizar_MatrizInexistente_DevuelveNotFound" storage="c:\riesgo_lavado\backend\rl.api.tests\bin\release\net10.0\rl.api.tests.dll" id="28f36dd7-1840-f387-0ca7-b3f5bcfca5f2">
      <Execution id="ae8e2992-9656-421b-8e12-1d47eedfbeaa" />
      <TestMethod codeBase="C:\RIESGO_LAVADO\backend\RL.API.Tests\bin\Release\net10.0\RL.API.Tests.dll" adapterTypeName="executor://xunit/VsTestRunner2/netcoreapp" className="RL.API.Tests.Features.MatricesRiesgos.MatricesRiesgosApplicationTests" name="Actualizar_MatrizInexistente_DevuelveNotFound" />
    </UnitTest>
    <UnitTest name="RL.API.Tests.Features.MatricesRiesgos.MatricesRiesgosApplicationTests.ExportarReporte_FormatoValido_GeneraContenidoYRegistraAuditoria(formato: &quot;EXCEL&quot;, contentType: &quot;application/vnd.ms-excel&quot;)" storage="c:\riesgo_lavado\backend\rl.api.tests\bin\release\net10.0\rl.api.tests.dll" id="f4216c94-a1aa-4ccb-0bb9-8bd3c6fa8cdb">
      <Execution id="9e834ce1-74c7-4b12-ada4-35a9d7e44aa6" />
      <TestMethod codeBase="C:\RIESGO_LAVADO\backend\RL.API.Tests\bin\Release\net10.0\RL.API.Tests.dll" adapterTypeName="executor://xunit/VsTestRunner2/netcoreapp" className="RL.API.Tests.Features.MatricesRiesgos.MatricesRiesgosApplicationTests" name="ExportarReporte_FormatoValido_GeneraContenidoYRegistraAuditoria" />
    </UnitTest>
    <UnitTest name="RL.API.Tests.Features.Auditoria.AuditoriaModuleCharacterizationTests.AuditoriaController_ConservaRutaYModulosAutorizados" storage="c:\riesgo_lavado\backend\rl.api.tests\bin\release\net10.0\rl.api.tests.dll" id="f778eeeb-b237-0174-fd3b-e49d5a15324c">
      <Execution id="7d99508b-bdf4-4e6e-94ad-11806ff87064" />
      <TestMethod codeBase="C:\RIESGO_LAVADO\backend\RL.API.Tests\bin\Release\net10.0\RL.API.Tests.dll" adapterTypeName="executor://xunit/VsTestRunner2/netcoreapp" className="RL.API.Tests.Features.Auditoria.AuditoriaModuleCharacterizationTests" name="AuditoriaController_ConservaRutaYModulosAutorizados" />
    </UnitTest>
    <UnitTest name="RL.API.Tests.Features.MatricesRiesgos.MatricesRiesgosApplicationTests.InactivarPlan_MotivoValido_RecortaYDelega" storage="c:\riesgo_lavado\backend\rl.api.tests\bin\release\net10.0\rl.api.tests.dll" id="344092be-7e7a-fdfd-654f-0f1a595ab274">
      <Execution id="9c750b52-e8de-4d91-985e-1e70278ac294" />
      <TestMethod codeBase="C:\RIESGO_LAVADO\backend\RL.API.Tests\bin\Release\net10.0\RL.API.Tests.dll" adapterTypeName="executor://xunit/VsTestRunner2/netcoreapp" className="RL.API.Tests.Features.MatricesRiesgos.MatricesRiesgosApplicationTests" name="InactivarPlan_MotivoValido_RecortaYDelega" />
    </UnitTest>
    <UnitTest name="RL.API.Tests.Features.MatricesRiesgos.MatricesRiesgosApplicationTests.Crear_SinDetalles_RechazaSinEscribir" storage="c:\riesgo_lavado\backend\rl.api.tests\bin\release\net10.0\rl.api.tests.dll" id="8469c3b5-d174-ecfb-3806-605948f18619">
      <Execution id="876e6f56-2aa2-404a-9195-b8b75fa2d7ec" />
      <TestMethod codeBase="C:\RIESGO_LAVADO\backend\RL.API.Tests\bin\Release\net10.0\RL.API.Tests.dll" adapterTypeName="executor://xunit/VsTestRunner2/netcoreapp" className="RL.API.Tests.Features.MatricesRiesgos.MatricesRiesgosApplicationTests" name="Crear_SinDetalles_RechazaSinEscribir" />
    </UnitTest>
    <UnitTest name="RL.API.Tests.Features.MatricesRiesgos.MatricesRiesgosApplicationTests.DescargarEvidencia_RutaFueraDelAlmacenamiento_RechazaSinAuditar" storage="c:\riesgo_lavado\backend\rl.api.tests\bin\release\net10.0\rl.api.tests.dll" id="127686a2-19c4-d477-1f5e-0c3d4a9d2186">
      <Execution id="68ed70d9-c415-43b8-a6ba-72273a4cf5e8" />
      <TestMethod codeBase="C:\RIESGO_LAVADO\backend\RL.API.Tests\bin\Release\net10.0\RL.API.Tests.dll" adapterTypeName="executor://xunit/VsTestRunner2/netcoreapp" className="RL.API.Tests.Features.MatricesRiesgos.MatricesRiesgosApplicationTests" name="DescargarEvidencia_RutaFueraDelAlmacenamiento_RechazaSinAuditar" />
    </UnitTest>
    <UnitTest name="RL.API.Tests.Features.Catalogos.CatalogosModuleTests.CatalogosController_Modulos_ConservaRutaYCamposPublicos" storage="c:\riesgo_lavado\backend\rl.api.tests\bin\release\net10.0\rl.api.tests.dll" id="bb3b7ffb-458c-947a-eb39-d2f84a924e33">
      <Execution id="6d80c8df-3f0f-4145-88ba-f4ed99a48769" />
      <TestMethod codeBase="C:\RIESGO_LAVADO\backend\RL.API.Tests\bin\Release\net10.0\RL.API.Tests.dll" adapterTypeName="executor://xunit/VsTestRunner2/netcoreapp" className="RL.API.Tests.Features.Catalogos.CatalogosModuleTests" name="CatalogosController_Modulos_ConservaRutaYCamposPublicos" />
    </UnitTest>
    <UnitTest name="RL.API.Tests.Features.MatricesRiesgos.MatricesRiesgosApplicationTests.ListarEvidencias_MatrizExistente_RetornaColeccion" storage="c:\riesgo_lavado\backend\rl.api.tests\bin\release\net10.0\rl.api.tests.dll" id="15000ff5-43fc-145f-cb78-bcc01372e59c">
      <Execution id="02fa6b3f-206f-462d-b23f-6fe9b52102e6" />
      <TestMethod codeBase="C:\RIESGO_LAVADO\backend\RL.API.Tests\bin\Release\net10.0\RL.API.Tests.dll" adapterTypeName="executor://xunit/VsTestRunner2/netcoreapp" className="RL.API.Tests.Features.MatricesRiesgos.MatricesRiesgosApplicationTests" name="ListarEvidencias_MatrizExistente_RetornaColeccion" />
    </UnitTest>
    <UnitTest name="RL.API.Tests.Features.MatricesRiesgos.MatricesRiesgosApplicationTests.ReactivarPlan_DatosInvalidos_RechazaSinEscribir(matrizId: 12, planId: 0, motivo: &quot;Reapertura autorizada&quot;)" storage="c:\riesgo_lavado\backend\rl.api.tests\bin\release\net10.0\rl.api.tests.dll" id="102cbf5c-8208-0eb8-43e4-cf2b30b4a7c1">
      <Execution id="5616f26a-302f-4ceb-9245-6662a954e19d" />
      <TestMethod codeBase="C:\RIESGO_LAVADO\backend\RL.API.Tests\bin\Release\net10.0\RL.API.Tests.dll" adapterTypeName="executor://xunit/VsTestRunner2/netcoreapp" className="RL.API.Tests.Features.MatricesRiesgos.MatricesRiesgosApplicationTests" name="ReactivarPlan_DatosInvalidos_RechazaSinEscribir" />
    </UnitTest>
    <UnitTest name="RL.API.Tests.Features.MatricesRiesgos.MatricesRiesgoServiceTests.Calcular_ControlSinEvidencia_NoReduceRiesgo" storage="c:\riesgo_lavado\backend\rl.api.tests\bin\release\net10.0\rl.api.tests.dll" id="7c5adcf1-55d9-d084-f0d6-4dbf8360870e">
      <Execution id="36f73e9f-aff0-42e4-9b44-11df46766189" />
      <TestMethod codeBase="C:\RIESGO_LAVADO\backend\RL.API.Tests\bin\Release\net10.0\RL.API.Tests.dll" adapterTypeName="executor://xunit/VsTestRunner2/netcoreapp" className="RL.API.Tests.Features.MatricesRiesgos.MatricesRiesgoServiceTests" name="Calcular_ControlSinEvidencia_NoReduceRiesgo" />
    </UnitTest>
    <UnitTest name="RL.API.Tests.Features.MatricesRiesgos.MatricesRiesgoServiceTests.Calcular_FactorConControlValido_AplicaMitigacionYPlanPorRiesgoAlto" storage="c:\riesgo_lavado\backend\rl.api.tests\bin\release\net10.0\rl.api.tests.dll" id="a802f3f0-ae86-0065-f9fc-9f8fc63ff3d2">
      <Execution id="e6c96b9a-9fb1-4686-98e1-597daccf7b99" />
      <TestMethod codeBase="C:\RIESGO_LAVADO\backend\RL.API.Tests\bin\Release\net10.0\RL.API.Tests.dll" adapterTypeName="executor://xunit/VsTestRunner2/netcoreapp" className="RL.API.Tests.Features.MatricesRiesgos.MatricesRiesgoServiceTests" name="Calcular_FactorConControlValido_AplicaMitigacionYPlanPorRiesgoAlto" />
    </UnitTest>
    <UnitTest name="RL.API.Tests.Features.MatricesRiesgos.MatricesRiesgosApplicationTests.ReactivarCriterio_MotivoValido_RecortaYDelega" storage="c:\riesgo_lavado\backend\rl.api.tests\bin\release\net10.0\rl.api.tests.dll" id="d00e20a9-7b2c-fab1-2e3f-c1c9f3c540a9">
      <Execution id="b01b8f50-1196-4059-a75d-ff820d8587a4" />
      <TestMethod codeBase="C:\RIESGO_LAVADO\backend\RL.API.Tests\bin\Release\net10.0\RL.API.Tests.dll" adapterTypeName="executor://xunit/VsTestRunner2/netcoreapp" className="RL.API.Tests.Features.MatricesRiesgos.MatricesRiesgosApplicationTests" name="ReactivarCriterio_MotivoValido_RecortaYDelega" />
    </UnitTest>
    <UnitTest name="RL.API.Tests.Features.MatricesRiesgos.MatricesRiesgosApplicationTests.InactivarCriterio_MotivoValido_RecortaYDelega" storage="c:\riesgo_lavado\backend\rl.api.tests\bin\release\net10.0\rl.api.tests.dll" id="c8f621b8-3f8c-8987-7fd8-2bffff2c2a47">
      <Execution id="0213fe24-4b5d-4159-bdcb-1ddcf2d1dd40" />
      <TestMethod codeBase="C:\RIESGO_LAVADO\backend\RL.API.Tests\bin\Release\net10.0\RL.API.Tests.dll" adapterTypeName="executor://xunit/VsTestRunner2/netcoreapp" className="RL.API.Tests.Features.MatricesRiesgos.MatricesRiesgosApplicationTests" name="InactivarCriterio_MotivoValido_RecortaYDelega" />
    </UnitTest>
    <UnitTest name="RL.API.Tests.Features.Configuracion.ConfiguracionModuleCharacterizationTests.Sistema_ConservaContratoPublicoSinCamposInternos" storage="c:\riesgo_lavado\backend\rl.api.tests\bin\release\net10.0\rl.api.tests.dll" id="206c83c0-529c-05db-1449-2167ee25cdaf">
      <Execution id="404101a6-74d6-4067-a4ba-5a4022060866" />
      <TestMethod codeBase="C:\RIESGO_LAVADO\backend\RL.API.Tests\bin\Release\net10.0\RL.API.Tests.dll" adapterTypeName="executor://xunit/VsTestRunner2/netcoreapp" className="RL.API.Tests.Features.Configuracion.ConfiguracionModuleCharacterizationTests" name="Sistema_ConservaContratoPublicoSinCamposInternos" />
    </UnitTest>
    <UnitTest name="RL.API.Tests.Features.MatricesRiesgos.MatricesRiesgosApplicationTests.CambiarEstado_CierreConPlanRequeridoPendiente_RechazaSinCambiar" storage="c:\riesgo_lavado\backend\rl.api.tests\bin\release\net10.0\rl.api.tests.dll" id="d244f278-637a-128a-da51-78b433f4673f">
      <Execution id="c11991c9-77b6-4f22-832f-4d519b27f989" />
      <TestMethod codeBase="C:\RIESGO_LAVADO\backend\RL.API.Tests\bin\Release\net10.0\RL.API.Tests.dll" adapterTypeName="executor://xunit/VsTestRunner2/netcoreapp" className="RL.API.Tests.Features.MatricesRiesgos.MatricesRiesgosApplicationTests" name="CambiarEstado_CierreConPlanRequeridoPendiente_RechazaSinCambiar" />
    </UnitTest>
    <UnitTest name="RL.API.Tests.Features.Catalogos.CatalogosModuleTests.CatalogoService_DelegaConsultasAlRepositorio" storage="c:\riesgo_lavado\backend\rl.api.tests\bin\release\net10.0\rl.api.tests.dll" id="b16d8ba4-b4f0-fa2e-6d6a-c0abfe4c493e">
      <Execution id="57278d95-4302-434c-86ff-c3326f896c1d" />
      <TestMethod codeBase="C:\RIESGO_LAVADO\backend\RL.API.Tests\bin\Release\net10.0\RL.API.Tests.dll" adapterTypeName="executor://xunit/VsTestRunner2/netcoreapp" className="RL.API.Tests.Features.Catalogos.CatalogosModuleTests" name="CatalogoService_DelegaConsultasAlRepositorio" />
    </UnitTest>
    <UnitTest name="RL.API.Tests.Features.MatricesRiesgos.MatricesRiesgosApplicationTests.CargarEvidencia_FirmaInvalida_RechazaAntesDelRepositorio" storage="c:\riesgo_lavado\backend\rl.api.tests\bin\release\net10.0\rl.api.tests.dll" id="12345058-a0db-3860-97d4-18267c542ca9">
      <Execution id="bd58eca4-8dd1-4870-a03b-b35360ba0e52" />
      <TestMethod codeBase="C:\RIESGO_LAVADO\backend\RL.API.Tests\bin\Release\net10.0\RL.API.Tests.dll" adapterTypeName="executor://xunit/VsTestRunner2/netcoreapp" className="RL.API.Tests.Features.MatricesRiesgos.MatricesRiesgosApplicationTests" name="CargarEvidencia_FirmaInvalida_RechazaAntesDelRepositorio" />
    </UnitTest>
    <UnitTest name="RL.API.Tests.Features.Listas.ListasApplicationTests.CrearTipoLista_RepositorioSinId_DevuelveBadRequest" storage="c:\riesgo_lavado\backend\rl.api.tests\bin\release\net10.0\rl.api.tests.dll" id="98644b29-8c2e-a09c-637d-aee4a687ddad">
      <Execution id="df4b08ac-b3f5-44e9-aae9-3b3f10a77139" />
      <TestMethod codeBase="C:\RIESGO_LAVADO\backend\RL.API.Tests\bin\Release\net10.0\RL.API.Tests.dll" adapterTypeName="executor://xunit/VsTestRunner2/netcoreapp" className="RL.API.Tests.Features.Listas.ListasApplicationTests" name="CrearTipoLista_RepositorioSinId_DevuelveBadRequest" />
    </UnitTest>
    <UnitTest name="RL.API.Tests.Features.Identidad.IdentidadModuleCharacterizationTests.AuthService_RefreshInexistente_NoRevocaNiGeneraToken" storage="c:\riesgo_lavado\backend\rl.api.tests\bin\release\net10.0\rl.api.tests.dll" id="43d605e7-ec50-a0b4-0f0b-e060f31ed58d">
      <Execution id="722c027c-7b34-4dbc-b64b-4f2e5163317a" />
      <TestMethod codeBase="C:\RIESGO_LAVADO\backend\RL.API.Tests\bin\Release\net10.0\RL.API.Tests.dll" adapterTypeName="executor://xunit/VsTestRunner2/netcoreapp" className="RL.API.Tests.Features.Identidad.IdentidadModuleCharacterizationTests" name="AuthService_RefreshInexistente_NoRevocaNiGeneraToken" />
    </UnitTest>
    <UnitTest name="RL.API.Tests.Features.Configuracion.ConfiguracionModuleCharacterizationTests.ConfiguracionService_ActualizarSlide_UsaIdDeRutaYAuditaAnterior" storage="c:\riesgo_lavado\backend\rl.api.tests\bin\release\net10.0\rl.api.tests.dll" id="8a9e40a5-7594-9eb1-728c-005f217ce416">
      <Execution id="ac6afabb-8c6c-4455-90c9-c696998e0418" />
      <TestMethod codeBase="C:\RIESGO_LAVADO\backend\RL.API.Tests\bin\Release\net10.0\RL.API.Tests.dll" adapterTypeName="executor://xunit/VsTestRunner2/netcoreapp" className="RL.API.Tests.Features.Configuracion.ConfiguracionModuleCharacterizationTests" name="ConfiguracionService_ActualizarSlide_UsaIdDeRutaYAuditaAnterior" />
    </UnitTest>
    <UnitTest name="RL.API.Tests.Features.Listas.ListasApplicationTests.ProcesarCarga_SinArchivo_RechazaSinConsultarRepositorio" storage="c:\riesgo_lavado\backend\rl.api.tests\bin\release\net10.0\rl.api.tests.dll" id="9b366681-f401-4ce5-25f9-aebc3a02df9e">
      <Execution id="f2537623-719f-4418-91d9-d84a4d602ee5" />
      <TestMethod codeBase="C:\RIESGO_LAVADO\backend\RL.API.Tests\bin\Release\net10.0\RL.API.Tests.dll" adapterTypeName="executor://xunit/VsTestRunner2/netcoreapp" className="RL.API.Tests.Features.Listas.ListasApplicationTests" name="ProcesarCarga_SinArchivo_RechazaSinConsultarRepositorio" />
    </UnitTest>
    <UnitTest name="RL.API.Tests.Features.Identidad.IdentidadModuleCharacterizationTests.AuthService_LoginInvalido_IncrementaIntentosYAuditaSinEmitirToken" storage="c:\riesgo_lavado\backend\rl.api.tests\bin\release\net10.0\rl.api.tests.dll" id="58b6017e-e183-f010-7291-e551ad596b44">
      <Execution id="2dd2af6d-b51b-4771-9d93-38e11e02f783" />
      <TestMethod codeBase="C:\RIESGO_LAVADO\backend\RL.API.Tests\bin\Release\net10.0\RL.API.Tests.dll" adapterTypeName="executor://xunit/VsTestRunner2/netcoreapp" className="RL.API.Tests.Features.Identidad.IdentidadModuleCharacterizationTests" name="AuthService_LoginInvalido_IncrementaIntentosYAuditaSinEmitirToken" />
    </UnitTest>
    <UnitTest name="RL.API.Tests.Features.MatricesRiesgos.MatricesRiesgosApplicationTests.CambiarEstadoPlan_Valido_NormalizaYDelega" storage="c:\riesgo_lavado\backend\rl.api.tests\bin\release\net10.0\rl.api.tests.dll" id="0c4ba462-ef4a-3015-efda-7d380040d0b5">
      <Execution id="f2ef0dcc-abe6-44de-8266-1b9392f93787" />
      <TestMethod codeBase="C:\RIESGO_LAVADO\backend\RL.API.Tests\bin\Release\net10.0\RL.API.Tests.dll" adapterTypeName="executor://xunit/VsTestRunner2/netcoreapp" className="RL.API.Tests.Features.MatricesRiesgos.MatricesRiesgosApplicationTests" name="CambiarEstadoPlan_Valido_NormalizaYDelega" />
    </UnitTest>
    <UnitTest name="RL.API.Tests.Features.ModuleBoundariesTests.ListasController_ConservaRutaYAutorizacion" storage="c:\riesgo_lavado\backend\rl.api.tests\bin\release\net10.0\rl.api.tests.dll" id="16de462a-0aef-07f4-e296-6b557fb305fc">
      <Execution id="139a2814-fd3e-4f0a-b189-d68add96df1a" />
      <TestMethod codeBase="C:\RIESGO_LAVADO\backend\RL.API.Tests\bin\Release\net10.0\RL.API.Tests.dll" adapterTypeName="executor://xunit/VsTestRunner2/netcoreapp" className="RL.API.Tests.Features.ModuleBoundariesTests" name="ListasController_ConservaRutaYAutorizacion" />
    </UnitTest>
    <UnitTest name="RL.API.Tests.Features.Auditoria.AuditoriaModuleCharacterizationTests.ObtenerBitacora_ConservaErrorSeguroConTraceId" storage="c:\riesgo_lavado\backend\rl.api.tests\bin\release\net10.0\rl.api.tests.dll" id="5e7aa69f-4a5f-6819-acb8-cbf9465e6f23">
      <Execution id="339b248b-6a9f-4de3-8135-0612662be609" />
      <TestMethod codeBase="C:\RIESGO_LAVADO\backend\RL.API.Tests\bin\Release\net10.0\RL.API.Tests.dll" adapterTypeName="executor://xunit/VsTestRunner2/netcoreapp" className="RL.API.Tests.Features.Auditoria.AuditoriaModuleCharacterizationTests" name="ObtenerBitacora_ConservaErrorSeguroConTraceId" />
    </UnitTest>
    <UnitTest name="RL.API.Tests.Features.MatricesRiesgos.MatricesRiesgosApplicationTests.Obtener_IdInvalido_NoConsultaRepositorio" storage="c:\riesgo_lavado\backend\rl.api.tests\bin\release\net10.0\rl.api.tests.dll" id="e3ebdbb3-ed89-5a9b-f2e0-4235bee4cec4">
      <Execution id="787e3e9a-c57a-4c16-aa67-d793902285fa" />
      <TestMethod codeBase="C:\RIESGO_LAVADO\backend\RL.API.Tests\bin\Release\net10.0\RL.API.Tests.dll" adapterTypeName="executor://xunit/VsTestRunner2/netcoreapp" className="RL.API.Tests.Features.MatricesRiesgos.MatricesRiesgosApplicationTests" name="Obtener_IdInvalido_NoConsultaRepositorio" />
    </UnitTest>
    <UnitTest name="RL.API.Tests.Features.MatricesRiesgos.MatricesRiesgosApplicationTests.EliminarCriterio_ConUsoHistorico_RechazaSinEliminar" storage="c:\riesgo_lavado\backend\rl.api.tests\bin\release\net10.0\rl.api.tests.dll" id="84f797f9-393d-aca8-d2f1-8f303a6b5a90">
      <Execution id="670d2f67-23d8-4d82-a920-290cb4218974" />
      <TestMethod codeBase="C:\RIESGO_LAVADO\backend\RL.API.Tests\bin\Release\net10.0\RL.API.Tests.dll" adapterTypeName="executor://xunit/VsTestRunner2/netcoreapp" className="RL.API.Tests.Features.MatricesRiesgos.MatricesRiesgosApplicationTests" name="EliminarCriterio_ConUsoHistorico_RechazaSinEliminar" />
    </UnitTest>
    <UnitTest name="RL.API.Tests.Features.MatricesRiesgos.MatricesRiesgosApplicationTests.Crear_DatosValidos_NormalizaYRetornaDetalle" storage="c:\riesgo_lavado\backend\rl.api.tests\bin\release\net10.0\rl.api.tests.dll" id="223d4a71-92be-5936-8fee-3cf9c1a00eef">
      <Execution id="a98a10b0-e11c-4979-b7c0-2490189f04a3" />
      <TestMethod codeBase="C:\RIESGO_LAVADO\backend\RL.API.Tests\bin\Release\net10.0\RL.API.Tests.dll" adapterTypeName="executor://xunit/VsTestRunner2/netcoreapp" className="RL.API.Tests.Features.MatricesRiesgos.MatricesRiesgosApplicationTests" name="Crear_DatosValidos_NormalizaYRetornaDetalle" />
    </UnitTest>
    <UnitTest name="RL.API.Tests.Features.MatricesRiesgos.MatricesRiesgosApplicationTests.ListarPlanes_MatrizInexistente_DevuelveNotFound" storage="c:\riesgo_lavado\backend\rl.api.tests\bin\release\net10.0\rl.api.tests.dll" id="159591d5-1759-fefa-3163-5a983b6b4d63">
      <Execution id="9004d31d-817c-4040-807e-4c6e81d56c88" />
      <TestMethod codeBase="C:\RIESGO_LAVADO\backend\RL.API.Tests\bin\Release\net10.0\RL.API.Tests.dll" adapterTypeName="executor://xunit/VsTestRunner2/netcoreapp" className="RL.API.Tests.Features.MatricesRiesgos.MatricesRiesgosApplicationTests" name="ListarPlanes_MatrizInexistente_DevuelveNotFound" />
    </UnitTest>
    <UnitTest name="RL.API.Tests.Features.Listas.ListasApplicationTests.ProcesarCarga_ArchivoNoValido_ConservaMensajeDelRepositorio" storage="c:\riesgo_lavado\backend\rl.api.tests\bin\release\net10.0\rl.api.tests.dll" id="938d6428-6cea-cffc-22a7-4117d4d47a53">
      <Execution id="491b5b10-6397-40ff-b631-a975efe7a6dd" />
      <TestMethod codeBase="C:\RIESGO_LAVADO\backend\RL.API.Tests\bin\Release\net10.0\RL.API.Tests.dll" adapterTypeName="executor://xunit/VsTestRunner2/netcoreapp" className="RL.API.Tests.Features.Listas.ListasApplicationTests" name="ProcesarCarga_ArchivoNoValido_ConservaMensajeDelRepositorio" />
    </UnitTest>
    <UnitTest name="RL.API.Tests.Features.Identidad.IdentidadModuleCharacterizationTests.AuthService_RefreshValido_RevocaYRotaToken" storage="c:\riesgo_lavado\backend\rl.api.tests\bin\release\net10.0\rl.api.tests.dll" id="eec487a1-d36e-6315-942e-fced18037fc0">
      <Execution id="579faaab-6a83-447d-a700-e413714fa560" />
      <TestMethod codeBase="C:\RIESGO_LAVADO\backend\RL.API.Tests\bin\Release\net10.0\RL.API.Tests.dll" adapterTypeName="executor://xunit/VsTestRunner2/netcoreapp" className="RL.API.Tests.Features.Identidad.IdentidadModuleCharacterizationTests" name="AuthService_RefreshValido_RevocaYRotaToken" />
    </UnitTest>
    <UnitTest name="RL.API.Tests.Middleware.ErrorHandlingMiddlewareTests.Invoke_ExcepcionNoControlada_OcultaDetalleYDevuelveTraceId" storage="c:\riesgo_lavado\backend\rl.api.tests\bin\release\net10.0\rl.api.tests.dll" id="bd759d5c-e43b-eeab-8bc9-356a77e2a53d">
      <Execution id="975accaa-25c8-4591-a790-6f766bc3569c" />
      <TestMethod codeBase="C:\RIESGO_LAVADO\backend\RL.API.Tests\bin\Release\net10.0\RL.API.Tests.dll" adapterTypeName="executor://xunit/VsTestRunner2/netcoreapp" className="RL.API.Tests.Middleware.ErrorHandlingMiddlewareTests" name="Invoke_ExcepcionNoControlada_OcultaDetalleYDevuelveTraceId" />
    </UnitTest>
    <UnitTest name="RL.API.Tests.Features.Auditoria.AuditoriaModuleCharacterizationTests.RegistrarExportacion_RechazaContratoInvalidoSinAuditar" storage="c:\riesgo_lavado\backend\rl.api.tests\bin\release\net10.0\rl.api.tests.dll" id="995aac8c-b843-1fcf-4973-d63c9b5f1e99">
      <Execution id="c3f730cf-96a8-42da-9fa6-d49dfe7e1b6c" />
      <TestMethod codeBase="C:\RIESGO_LAVADO\backend\RL.API.Tests\bin\Release\net10.0\RL.API.Tests.dll" adapterTypeName="executor://xunit/VsTestRunner2/netcoreapp" className="RL.API.Tests.Features.Auditoria.AuditoriaModuleCharacterizationTests" name="RegistrarExportacion_RechazaContratoInvalidoSinAuditar" />
    </UnitTest>
    <UnitTest name="RL.API.Tests.Features.MatricesRiesgos.MatricesRiesgosApplicationTests.Dashboard_NormalizaFiltrosYDelegaAlRepositorio" storage="c:\riesgo_lavado\backend\rl.api.tests\bin\release\net10.0\rl.api.tests.dll" id="9a7dacf6-d65f-5b2a-73dc-420958f0e8e3">
      <Execution id="192b43ae-f635-48a8-a3a6-69efaa00f07f" />
      <TestMethod codeBase="C:\RIESGO_LAVADO\backend\RL.API.Tests\bin\Release\net10.0\RL.API.Tests.dll" adapterTypeName="executor://xunit/VsTestRunner2/netcoreapp" className="RL.API.Tests.Features.MatricesRiesgos.MatricesRiesgosApplicationTests" name="Dashboard_NormalizaFiltrosYDelegaAlRepositorio" />
    </UnitTest>
    <UnitTest name="RL.API.Tests.Features.Configuracion.ConfiguracionModuleCharacterizationTests.ConfiguracionService_GuardarSistema_ConservaAuditoriaDeActualizacion" storage="c:\riesgo_lavado\backend\rl.api.tests\bin\release\net10.0\rl.api.tests.dll" id="d1cf9d3e-859b-b8a2-69bb-7cddba8046dc">
      <Execution id="6efb60c8-a98f-4d48-a3d8-39db88cbc6f5" />
      <TestMethod codeBase="C:\RIESGO_LAVADO\backend\RL.API.Tests\bin\Release\net10.0\RL.API.Tests.dll" adapterTypeName="executor://xunit/VsTestRunner2/netcoreapp" className="RL.API.Tests.Features.Configuracion.ConfiguracionModuleCharacterizationTests" name="ConfiguracionService_GuardarSistema_ConservaAuditoriaDeActualizacion" />
    </UnitTest>
    <UnitTest name="RL.API.Tests.Features.Listas.ListasApplicationTests.ProcesarCarga_SeleccionaProcesadorSegunFormato(nombre: &quot;lista.xlsx&quot;, descripcion: &quot;LISTA ENGEL&quot;, metodoEsperado: &quot;ProcesarArchivoExcelEngelAsync&quot;)" storage="c:\riesgo_lavado\backend\rl.api.tests\bin\release\net10.0\rl.api.tests.dll" id="a5ee2d19-fd77-4fdb-4d03-c66d08f04e1e">
      <Execution id="9a2efbe6-2507-4580-b5e8-0fe1ae1b98eb" />
      <TestMethod codeBase="C:\RIESGO_LAVADO\backend\RL.API.Tests\bin\Release\net10.0\RL.API.Tests.dll" adapterTypeName="executor://xunit/VsTestRunner2/netcoreapp" className="RL.API.Tests.Features.Listas.ListasApplicationTests" name="ProcesarCarga_SeleccionaProcesadorSegunFormato" />
    </UnitTest>
    <UnitTest name="RL.API.Tests.Features.MatricesRiesgos.MatricesRiesgosApplicationTests.ActualizarCriterio_NoEncontrado_NoListaCatalogo" storage="c:\riesgo_lavado\backend\rl.api.tests\bin\release\net10.0\rl.api.tests.dll" id="c05e74d4-868f-35b8-a0c5-def7b70443af">
      <Execution id="3e500d11-1592-4343-889b-ce3b430dca6a" />
      <TestMethod codeBase="C:\RIESGO_LAVADO\backend\RL.API.Tests\bin\Release\net10.0\RL.API.Tests.dll" adapterTypeName="executor://xunit/VsTestRunner2/netcoreapp" className="RL.API.Tests.Features.MatricesRiesgos.MatricesRiesgosApplicationTests" name="ActualizarCriterio_NoEncontrado_NoListaCatalogo" />
    </UnitTest>
    <UnitTest name="RL.API.Tests.Features.MatricesRiesgos.MatricesRiesgosApplicationTests.CrearCriterio_Valido_NormalizaYRetornaCreado" storage="c:\riesgo_lavado\backend\rl.api.tests\bin\release\net10.0\rl.api.tests.dll" id="e85ed715-1ec2-4a4c-9afb-5e4be8e86dea">
      <Execution id="3f5d96c1-0c73-468c-abaa-8931301e5214" />
      <TestMethod codeBase="C:\RIESGO_LAVADO\backend\RL.API.Tests\bin\Release\net10.0\RL.API.Tests.dll" adapterTypeName="executor://xunit/VsTestRunner2/netcoreapp" className="RL.API.Tests.Features.MatricesRiesgos.MatricesRiesgosApplicationTests" name="CrearCriterio_Valido_NormalizaYRetornaCreado" />
    </UnitTest>
    <UnitTest name="RL.API.Tests.Features.Configuracion.ConfiguracionModuleCharacterizationTests.ConfiguracionService_NoAuditaCuandoPersistenciaFalla" storage="c:\riesgo_lavado\backend\rl.api.tests\bin\release\net10.0\rl.api.tests.dll" id="6633b821-4433-a5bc-341c-c3f3d3c3fa30">
      <Execution id="777972a0-3859-49ca-9905-899e1c42f718" />
      <TestMethod codeBase="C:\RIESGO_LAVADO\backend\RL.API.Tests\bin\Release\net10.0\RL.API.Tests.dll" adapterTypeName="executor://xunit/VsTestRunner2/netcoreapp" className="RL.API.Tests.Features.Configuracion.ConfiguracionModuleCharacterizationTests" name="ConfiguracionService_NoAuditaCuandoPersistenciaFalla" />
    </UnitTest>
    <UnitTest name="RL.API.Tests.Features.MatricesRiesgos.MatricesRiesgosApplicationTests.ReactivarPlan_DatosInvalidos_RechazaSinEscribir(matrizId: 12, planId: 44, motivo: &quot; &quot;)" storage="c:\riesgo_lavado\backend\rl.api.tests\bin\release\net10.0\rl.api.tests.dll" id="1030546c-e4f4-0378-6884-2d1f61233f0e">
      <Execution id="943a5e40-6063-4e42-b4b3-b1f03822d3a9" />
      <TestMethod codeBase="C:\RIESGO_LAVADO\backend\RL.API.Tests\bin\Release\net10.0\RL.API.Tests.dll" adapterTypeName="executor://xunit/VsTestRunner2/netcoreapp" className="RL.API.Tests.Features.MatricesRiesgos.MatricesRiesgosApplicationTests" name="ReactivarPlan_DatosInvalidos_RechazaSinEscribir" />
    </UnitTest>
    <UnitTest name="RL.API.Tests.Features.Identidad.IdentidadModuleCharacterizationTests.AuthService_LoginLocal_ConservaClaimsYVigenciaJwt" storage="c:\riesgo_lavado\backend\rl.api.tests\bin\release\net10.0\rl.api.tests.dll" id="a2e6a436-d47f-127f-62c7-d775a2ee3291">
      <Execution id="b1ab35ae-5a8b-4a7d-8d32-72b0e3d20397" />
      <TestMethod codeBase="C:\RIESGO_LAVADO\backend\RL.API.Tests\bin\Release\net10.0\RL.API.Tests.dll" adapterTypeName="executor://xunit/VsTestRunner2/netcoreapp" className="RL.API.Tests.Features.Identidad.IdentidadModuleCharacterizationTests" name="AuthService_LoginLocal_ConservaClaimsYVigenciaJwt" />
    </UnitTest>
    <UnitTest name="RL.API.Tests.Features.Auditoria.AuditoriaModuleCharacterizationTests.AuditoriaService_ConservaClasificacionDeExportaciones(clave: &quot;archivo&quot;, valor: &quot;bitacora.pdf&quot;, accionEsperada: &quot;EXPORTACION_PDF&quot;)" storage="c:\riesgo_lavado\backend\rl.api.tests\bin\release\net10.0\rl.api.tests.dll" id="d7db87be-d8fb-52f8-2565-1450f9834943">
      <Execution id="bedc012d-f1a0-43b6-822d-e8a0a9c9b9f2" />
      <TestMethod codeBase="C:\RIESGO_LAVADO\backend\RL.API.Tests\bin\Release\net10.0\RL.API.Tests.dll" adapterTypeName="executor://xunit/VsTestRunner2/netcoreapp" className="RL.API.Tests.Features.Auditoria.AuditoriaModuleCharacterizationTests" name="AuditoriaService_ConservaClasificacionDeExportaciones" />
    </UnitTest>
    <UnitTest name="RL.API.Tests.Features.Listas.ListasApplicationTests.ExportarDetalle_RegistraAuditoriaConCantidadAntesDeResponder" storage="c:\riesgo_lavado\backend\rl.api.tests\bin\release\net10.0\rl.api.tests.dll" id="6ef995b1-6031-c1d7-4e3b-328e811ad8e7">
      <Execution id="b8e3865a-a949-400e-a8ba-245eb0ceb7f9" />
      <TestMethod codeBase="C:\RIESGO_LAVADO\backend\RL.API.Tests\bin\Release\net10.0\RL.API.Tests.dll" adapterTypeName="executor://xunit/VsTestRunner2/netcoreapp" className="RL.API.Tests.Features.Listas.ListasApplicationTests" name="ExportarDetalle_RegistraAuditoriaConCantidadAntesDeResponder" />
    </UnitTest>
[...]
      <Execution id="d65fafd5-3a94-419d-a795-364c79cfd7db" />
      <TestMethod codeBase="C:\RIESGO_LAVADO\backend\RL.API.Tests\bin\Release\net10.0\RL.API.Tests.dll" adapterTypeName="executor://xunit/VsTestRunner2/netcoreapp" className="RL.API.Tests.Features.MatricesRiesgos.MatricesRiesgosApplicationTests" name="Recalcular_SinMotivo_RechazaAntesDePrepararSolicitud" />
    </UnitTest>
    <UnitTest name="RL.API.Tests.Features.MatricesRiesgos.MatricesRiesgosApplicationTests.CrearPlan_FechasInvertidas_RechazaSinEscribir" storage="c:\riesgo_lavado\backend\rl.api.tests\bin\release\net10.0\rl.api.tests.dll" id="468dd6e7-c3d2-a7ff-181a-91c9b4a8834e">
      <Execution id="034a3392-9207-403f-ae36-fc7b95913da4" />
      <TestMethod codeBase="C:\RIESGO_LAVADO\backend\RL.API.Tests\bin\Release\net10.0\RL.API.Tests.dll" adapterTypeName="executor://xunit/VsTestRunner2/netcoreapp" className="RL.API.Tests.Features.MatricesRiesgos.MatricesRiesgosApplicationTests" name="CrearPlan_FechasInvertidas_RechazaSinEscribir" />
    </UnitTest>
    <UnitTest name="RL.API.Tests.Features.Listas.ListasApplicationTests.ObtenerSeguimientos_RangoInvertido_RechazaSinConsultar" storage="c:\riesgo_lavado\backend\rl.api.tests\bin\release\net10.0\rl.api.tests.dll" id="eee457c8-053a-edbd-0dbd-9152fbdee419">
      <Execution id="39ccfcdb-c3b3-4f3a-aed6-8c2b8d32b07a" />
      <TestMethod codeBase="C:\RIESGO_LAVADO\backend\RL.API.Tests\bin\Release\net10.0\RL.API.Tests.dll" adapterTypeName="executor://xunit/VsTestRunner2/netcoreapp" className="RL.API.Tests.Features.Listas.ListasApplicationTests" name="ObtenerSeguimientos_RangoInvertido_RechazaSinConsultar" />
    </UnitTest>
    <UnitTest name="RL.API.Tests.Features.Auditoria.AuditoriaModuleCharacterizationTests.ObtenerBitacora_ConservaFiltrosYPaginacion" storage="c:\riesgo_lavado\backend\rl.api.tests\bin\release\net10.0\rl.api.tests.dll" id="96d9de7d-795c-e961-9491-4a334fd02d5d">
      <Execution id="34d7d877-9ebc-44cd-bae3-031fba2a593f" />
      <TestMethod codeBase="C:\RIESGO_LAVADO\backend\RL.API.Tests\bin\Release\net10.0\RL.API.Tests.dll" adapterTypeName="executor://xunit/VsTestRunner2/netcoreapp" className="RL.API.Tests.Features.Auditoria.AuditoriaModuleCharacterizationTests" name="ObtenerBitacora_ConservaFiltrosYPaginacion" />
    </UnitTest>
    <UnitTest name="RL.API.Tests.Features.MatricesRiesgos.MatricesRiesgosApplicationTests.Crear_ReglaRepositorioInvalida_ConvierteExcepcionEnBadRequest" storage="c:\riesgo_lavado\backend\rl.api.tests\bin\release\net10.0\rl.api.tests.dll" id="3ce7d983-6eee-39fb-2264-bfa14949d683">
      <Execution id="b748d778-caca-4540-aceb-8e21d420b552" />
      <TestMethod codeBase="C:\RIESGO_LAVADO\backend\RL.API.Tests\bin\Release\net10.0\RL.API.Tests.dll" adapterTypeName="executor://xunit/VsTestRunner2/netcoreapp" className="RL.API.Tests.Features.MatricesRiesgos.MatricesRiesgosApplicationTests" name="Crear_ReglaRepositorioInvalida_ConvierteExcepcionEnBadRequest" />
    </UnitTest>
    <UnitTest name="RL.API.Tests.Features.MatricesRiesgos.MatricesRiesgosApplicationTests.CambiarEstado_EstadoInvalido_NoInvocaRepositorio" storage="c:\riesgo_lavado\backend\rl.api.tests\bin\release\net10.0\rl.api.tests.dll" id="9fc2dc61-a0c5-db32-4284-ed6bfdb82258">
      <Execution id="34d8c846-375d-4e17-9658-789592987d13" />
      <TestMethod codeBase="C:\RIESGO_LAVADO\backend\RL.API.Tests\bin\Release\net10.0\RL.API.Tests.dll" adapterTypeName="executor://xunit/VsTestRunner2/netcoreapp" className="RL.API.Tests.Features.MatricesRiesgos.MatricesRiesgosApplicationTests" name="CambiarEstado_EstadoInvalido_NoInvocaRepositorio" />
    </UnitTest>
    <UnitTest name="RL.API.Tests.Features.Listas.ListasApplicationTests.RegistrarPositivo_DatosInvalidos_NoInvocaRepositorio" storage="c:\riesgo_lavado\backend\rl.api.tests\bin\release\net10.0\rl.api.tests.dll" id="b719ad43-8bd7-57fe-59ad-22c7c46d4610">
      <Execution id="0af2f162-7d16-43f3-a0d3-6137ccfc4969" />
      <TestMethod codeBase="C:\RIESGO_LAVADO\backend\RL.API.Tests\bin\Release\net10.0\RL.API.Tests.dll" adapterTypeName="executor://xunit/VsTestRunner2/netcoreapp" className="RL.API.Tests.Features.Listas.ListasApplicationTests" name="RegistrarPositivo_DatosInvalidos_NoInvocaRepositorio" />
    </UnitTest>
    <UnitTest name="RL.API.Tests.Features.Listas.ListasApplicationTests.ProcesarCarga_SeleccionaProcesadorSegunFormato(nombre: &quot;lista.csv&quot;, descripcion: &quot;OFAC&quot;, metodoEsperado: &quot;ProcesarArchivoCsvOfacAsync&quot;)" storage="c:\riesgo_lavado\backend\rl.api.tests\bin\release\net10.0\rl.api.tests.dll" id="6d67da67-dd8e-1e9f-142f-f619f71618b1">
      <Execution id="7b24ea8b-cdf8-4611-81c5-6938a85e4424" />
      <TestMethod codeBase="C:\RIESGO_LAVADO\backend\RL.API.Tests\bin\Release\net10.0\RL.API.Tests.dll" adapterTypeName="executor://xunit/VsTestRunner2/netcoreapp" className="RL.API.Tests.Features.Listas.ListasApplicationTests" name="ProcesarCarga_SeleccionaProcesadorSegunFormato" />
    </UnitTest>
  </TestDefinitions>
  <TestEntries>
    <TestEntry testId="c8f621b8-3f8c-8987-7fd8-2bffff2c2a47" executionId="0213fe24-4b5d-4159-bdcb-1ddcf2d1dd40" testListId="8c84fa94-04c1-424b-9868-57a2d4851a1d" />
    <TestEntry testId="1784c1a5-3d6f-2ea2-0bde-e5a5eb362ff5" executionId="bcb06e17-6b83-49bd-a338-b695ca849084" testListId="8c84fa94-04c1-424b-9868-57a2d4851a1d" />
    <TestEntry testId="73028cc5-250b-a842-2099-473076c4f742" executionId="0f412602-43b0-48ba-b5f2-f74aa7e46486" testListId="8c84fa94-04c1-424b-9868-57a2d4851a1d" />
    <TestEntry testId="27366d2e-039f-5e38-2919-3a2d7cc8bf29" executionId="c4feeaed-740c-4510-ad7d-161cac200d52" testListId="8c84fa94-04c1-424b-9868-57a2d4851a1d" />
    <TestEntry testId="3ce7d983-6eee-39fb-2264-bfa14949d683" executionId="b748d778-caca-4540-aceb-8e21d420b552" testListId="8c84fa94-04c1-424b-9868-57a2d4851a1d" />
    <TestEntry testId="54a92c04-7105-d9d9-f6a9-380b410392db" executionId="017341ca-02f0-4441-9489-08cddad82dab" testListId="8c84fa94-04c1-424b-9868-57a2d4851a1d" />
    <TestEntry testId="f4216c94-a1aa-4ccb-0bb9-8bd3c6fa8cdb" executionId="9e834ce1-74c7-4b12-ada4-35a9d7e44aa6" testListId="8c84fa94-04c1-424b-9868-57a2d4851a1d" />
    <TestEntry testId="16de462a-0aef-07f4-e296-6b557fb305fc" executionId="139a2814-fd3e-4f0a-b189-d68add96df1a" testListId="8c84fa94-04c1-424b-9868-57a2d4851a1d" />
    <TestEntry testId="eee457c8-053a-edbd-0dbd-9152fbdee419" executionId="39ccfcdb-c3b3-4f3a-aed6-8c2b8d32b07a" testListId="8c84fa94-04c1-424b-9868-57a2d4851a1d" />
    <TestEntry testId="0c4ba462-ef4a-3015-efda-7d380040d0b5" executionId="f2ef0dcc-abe6-44de-8266-1b9392f93787" testListId="8c84fa94-04c1-424b-9868-57a2d4851a1d" />
    <TestEntry testId="892e8f83-111e-825d-e307-a9eab467536d" executionId="38dc9a95-b805-447c-b775-fa4841197c40" testListId="8c84fa94-04c1-424b-9868-57a2d4851a1d" />
    <TestEntry testId="7c5adcf1-55d9-d084-f0d6-4dbf8360870e" executionId="36f73e9f-aff0-42e4-9b44-11df46766189" testListId="8c84fa94-04c1-424b-9868-57a2d4851a1d" />
    <TestEntry testId="b3e18c4b-9d7c-7b36-1f5b-b063be05dd9b" executionId="4dbb3135-af4c-4045-aac4-ed66b45d9c3f" testListId="8c84fa94-04c1-424b-9868-57a2d4851a1d" />
    <TestEntry testId="8d836157-3f32-ce9d-c031-adce899577b6" executionId="aa297ffc-641a-4a06-b0f2-3e682b29b97b" testListId="8c84fa94-04c1-424b-9868-57a2d4851a1d" />
    <TestEntry testId="88468253-07fd-2c3a-c1ed-fe7c96581180" executionId="210d1da4-e72d-40e0-9cf5-7259e75ae314" testListId="8c84fa94-04c1-424b-9868-57a2d4851a1d" />
    <TestEntry testId="f301555d-bbd4-bf9a-4c74-1704f0097736" executionId="5420f185-8062-4f1f-9153-2d955b51f540" testListId="8c84fa94-04c1-424b-9868-57a2d4851a1d" />
    <TestEntry testId="cb5daf03-d754-b22c-6c9b-d1e9981c1c86" executionId="d65fafd5-3a94-419d-a795-364c79cfd7db" testListId="8c84fa94-04c1-424b-9868-57a2d4851a1d" />
    <TestEntry testId="bb3b7ffb-458c-947a-eb39-d2f84a924e33" executionId="6d80c8df-3f0f-4145-88ba-f4ed99a48769" testListId="8c84fa94-04c1-424b-9868-57a2d4851a1d" />
    <TestEntry testId="f6bcfe64-9511-236f-a443-7830af70598d" executionId="e49835f6-f545-49de-a472-13413092a8d0" testListId="8c84fa94-04c1-424b-9868-57a2d4851a1d" />
    <TestEntry testId="c8a7f50a-97a0-f907-04b7-b162c04106e1" executionId="cee2baa1-7f75-46b6-b9b6-c7648b117d5d" testListId="8c84fa94-04c1-424b-9868-57a2d4851a1d" />
    <TestEntry testId="08bc2e51-5b25-7f30-5c96-618692211932" executionId="f46704da-4b72-4e4c-a784-65816c7f50b8" testListId="8c84fa94-04c1-424b-9868-57a2d4851a1d" />
    <TestEntry testId="9b366681-f401-4ce5-25f9-aebc3a02df9e" executionId="f2537623-719f-4418-91d9-d84a4d602ee5" testListId="8c84fa94-04c1-424b-9868-57a2d4851a1d" />
    <TestEntry testId="a2e6a436-d47f-127f-62c7-d775a2ee3291" executionId="b1ab35ae-5a8b-4a7d-8d32-72b0e3d20397" testListId="8c84fa94-04c1-424b-9868-57a2d4851a1d" />
    <TestEntry testId="6ef995b1-6031-c1d7-4e3b-328e811ad8e7" executionId="b8e3865a-a949-400e-a8ba-245eb0ceb7f9" testListId="8c84fa94-04c1-424b-9868-57a2d4851a1d" />
    <TestEntry testId="66570bd5-e223-6c0d-e9f7-99af39057f69" executionId="e2e0f5b9-09b0-47b4-bf32-e34b0c8610a5" testListId="8c84fa94-04c1-424b-9868-57a2d4851a1d" />
    <TestEntry testId="96d9de7d-795c-e961-9491-4a334fd02d5d" executionId="34d7d877-9ebc-44cd-bae3-031fba2a593f" testListId="8c84fa94-04c1-424b-9868-57a2d4851a1d" />
    <TestEntry testId="127686a2-19c4-d477-1f5e-0c3d4a9d2186" executionId="68ed70d9-c415-43b8-a6ba-72273a4cf5e8" testListId="8c84fa94-04c1-424b-9868-57a2d4851a1d" />
    <TestEntry testId="297add91-9d6a-25a8-8f7b-d0626cf3cd43" executionId="de858b5f-b0b2-4279-9198-cfc51f7817f4" testListId="8c84fa94-04c1-424b-9868-57a2d4851a1d" />
    <TestEntry testId="d0450c03-439c-35f0-0134-6a59e28c0e09" executionId="ec65da09-e2c7-4d0a-8af5-d5907313e48a" testListId="8c84fa94-04c1-424b-9868-57a2d4851a1d" />
    <TestEntry testId="206c83c0-529c-05db-1449-2167ee25cdaf" executionId="404101a6-74d6-4067-a4ba-5a4022060866" testListId="8c84fa94-04c1-424b-9868-57a2d4851a1d" />
    <TestEntry testId="6d67da67-dd8e-1e9f-142f-f619f71618b1" executionId="7b24ea8b-cdf8-4611-81c5-6938a85e4424" testListId="8c84fa94-04c1-424b-9868-57a2d4851a1d" />
    <TestEntry testId="468dd6e7-c3d2-a7ff-181a-91c9b4a8834e" executionId="034a3392-9207-403f-ae36-fc7b95913da4" testListId="8c84fa94-04c1-424b-9868-57a2d4851a1d" />
    <TestEntry testId="d00e20a9-7b2c-fab1-2e3f-c1c9f3c540a9" executionId="b01b8f50-1196-4059-a75d-ff820d8587a4" testListId="8c84fa94-04c1-424b-9868-57a2d4851a1d" />
    <TestEntry testId="63f63737-94c5-8591-2b1e-3c302c6474d4" executionId="77b9be09-f592-4d0e-94ff-bda31bb40c65" testListId="8c84fa94-04c1-424b-9868-57a2d4851a1d" />
    <TestEntry testId="e3ebdbb3-ed89-5a9b-f2e0-4235bee4cec4" executionId="787e3e9a-c57a-4c16-aa67-d793902285fa" testListId="8c84fa94-04c1-424b-9868-57a2d4851a1d" />
    <TestEntry testId="66eaa24b-a739-ee0a-50ad-8ba5b8180722" executionId="285e19e1-f53f-4fd3-a8ff-811e68172517" testListId="8c84fa94-04c1-424b-9868-57a2d4851a1d" />
    <TestEntry testId="d244f278-637a-128a-da51-78b433f4673f" executionId="c11991c9-77b6-4f22-832f-4d519b27f989" testListId="8c84fa94-04c1-424b-9868-57a2d4851a1d" />
    <TestEntry testId="696e28d3-9720-08d3-b5c0-0942f1f8a86f" executionId="656a82be-aa57-437e-9f30-73adcc10f99c" testListId="8c84fa94-04c1-424b-9868-57a2d4851a1d" />
    <TestEntry testId="4ebb8ece-1d3a-1f1d-f58f-3a3d79e53d55" executionId="51f3e10c-48a5-4b0f-ad4b-0aa498f4abea" testListId="8c84fa94-04c1-424b-9868-57a2d4851a1d" />
    <TestEntry testId="2fdfaf05-f3d2-c6c5-12c4-dc4b74dffbe3" executionId="1c9ca425-96ce-472a-b07c-0225b0676d6c" testListId="8c84fa94-04c1-424b-9868-57a2d4851a1d" />
    <TestEntry testId="a5ee2d19-fd77-4fdb-4d03-c66d08f04e1e" executionId="9a2efbe6-2507-4580-b5e8-0fe1ae1b98eb" testListId="8c84fa94-04c1-424b-9868-57a2d4851a1d" />
    <TestEntry testId="37f4896d-5edb-1a9e-97a1-bd88dbc80567" executionId="b4314693-7077-43da-b64d-e20ed8035610" testListId="8c84fa94-04c1-424b-9868-57a2d4851a1d" />
    <TestEntry testId="eec487a1-d36e-6315-942e-fced18037fc0" executionId="579faaab-6a83-447d-a700-e413714fa560" testListId="8c84fa94-04c1-424b-9868-57a2d4851a1d" />
    <TestEntry testId="58b6017e-e183-f010-7291-e551ad596b44" executionId="2dd2af6d-b51b-4771-9d93-38e11e02f783" testListId="8c84fa94-04c1-424b-9868-57a2d4851a1d" />
    <TestEntry testId="15000ff5-43fc-145f-cb78-bcc01372e59c" executionId="02fa6b3f-206f-462d-b23f-6fe9b52102e6" testListId="8c84fa94-04c1-424b-9868-57a2d4851a1d" />
    <TestEntry testId="344092be-7e7a-fdfd-654f-0f1a595ab274" executionId="9c750b52-e8de-4d91-985e-1e70278ac294" testListId="8c84fa94-04c1-424b-9868-57a2d4851a1d" />
    <TestEntry testId="b16d8ba4-b4f0-fa2e-6d6a-c0abfe4c493e" executionId="57278d95-4302-434c-86ff-c3326f896c1d" testListId="8c84fa94-04c1-424b-9868-57a2d4851a1d" />
    <TestEntry testId="1030546c-e4f4-0378-6884-2d1f61233f0e" executionId="943a5e40-6063-4e42-b4b3-b1f03822d3a9" testListId="8c84fa94-04c1-424b-9868-57a2d4851a1d" />
    <TestEntry testId="bd759d5c-e43b-eeab-8bc9-356a77e2a53d" executionId="975accaa-25c8-4591-a790-6f766bc3569c" testListId="8c84fa94-04c1-424b-9868-57a2d4851a1d" />
    <TestEntry testId="bcd3ba29-5c8b-12e2-6058-867356297a1c" executionId="47aec19e-5b24-4b39-acf2-554e4e7bbb93" testListId="8c84fa94-04c1-424b-9868-57a2d4851a1d" />
    <TestEntry testId="226c9a38-1610-9b4a-0b93-d20e2635e52f" executionId="f2f0f900-a9c3-40cb-918f-ff98926d785f" testListId="8c84fa94-04c1-424b-9868-57a2d4851a1d" />
    <TestEntry testId="102cbf5c-8208-0eb8-43e4-cf2b30b4a7c1" executionId="5616f26a-302f-4ceb-9245-6662a954e19d" testListId="8c84fa94-04c1-424b-9868-57a2d4851a1d" />
    <TestEntry testId="d7db87be-d8fb-52f8-2565-1450f9834943" executionId="bedc012d-f1a0-43b6-822d-e8a0a9c9b9f2" testListId="8c84fa94-04c1-424b-9868-57a2d4851a1d" />
    <TestEntry testId="43d605e7-ec50-a0b4-0f0b-e060f31ed58d" executionId="722c027c-7b34-4dbc-b64b-4f2e5163317a" testListId="8c84fa94-04c1-424b-9868-57a2d4851a1d" />
    <TestEntry testId="98644b29-8c2e-a09c-637d-aee4a687ddad" executionId="df4b08ac-b3f5-44e9-aae9-3b3f10a77139" testListId="8c84fa94-04c1-424b-9868-57a2d4851a1d" />
    <TestEntry testId="b719ad43-8bd7-57fe-59ad-22c7c46d4610" executionId="0af2f162-7d16-43f3-a0d3-6137ccfc4969" testListId="8c84fa94-04c1-424b-9868-57a2d4851a1d" />
    <TestEntry testId="e0fc4cca-d33c-405c-4738-cca73d8d620c" executionId="1010a7e1-0c53-4db6-a5c2-5747558a9c03" testListId="8c84fa94-04c1-424b-9868-57a2d4851a1d" />
    <TestEntry testId="938d6428-6cea-cffc-22a7-4117d4d47a53" executionId="491b5b10-6397-40ff-b631-a975efe7a6dd" testListId="8c84fa94-04c1-424b-9868-57a2d4851a1d" />
    <TestEntry testId="28f36dd7-1840-f387-0ca7-b3f5bcfca5f2" executionId="ae8e2992-9656-421b-8e12-1d47eedfbeaa" testListId="8c84fa94-04c1-424b-9868-57a2d4851a1d" />
    <TestEntry testId="9fc2dc61-a0c5-db32-4284-ed6bfdb82258" executionId="34d8c846-375d-4e17-9658-789592987d13" testListId="8c84fa94-04c1-424b-9868-57a2d4851a1d" />
    <TestEntry testId="8a9e40a5-7594-9eb1-728c-005f217ce416" executionId="ac6afabb-8c6c-4455-90c9-c696998e0418" testListId="8c84fa94-04c1-424b-9868-57a2d4851a1d" />
    <TestEntry testId="d1cf9d3e-859b-b8a2-69bb-7cddba8046dc" executionId="6efb60c8-a98f-4d48-a3d8-39db88cbc6f5" testListId="8c84fa94-04c1-424b-9868-57a2d4851a1d" />
    <TestEntry testId="7ce258e5-30ca-7db8-998f-7a663d408b4d" executionId="d12fee8d-bde6-44ea-afb1-12d6303501cd" testListId="8c84fa94-04c1-424b-9868-57a2d4851a1d" />
    <TestEntry testId="e85ed715-1ec2-4a4c-9afb-5e4be8e86dea" executionId="3f5d96c1-0c73-468c-abaa-8931301e5214" testListId="8c84fa94-04c1-424b-9868-57a2d4851a1d" />
    <TestEntry testId="9a7dacf6-d65f-5b2a-73dc-420958f0e8e3" executionId="192b43ae-f635-48a8-a3a6-69efaa00f07f" testListId="8c84fa94-04c1-424b-9868-57a2d4851a1d" />
    <TestEntry testId="a802f3f0-ae86-0065-f9fc-9f8fc63ff3d2" executionId="e6c96b9a-9fb1-4686-98e1-597daccf7b99" testListId="8c84fa94-04c1-424b-9868-57a2d4851a1d" />
    <TestEntry testId="b2075dc3-dddf-4ab7-1c2a-a5954d7f4520" executionId="c40769c8-b83e-4869-9e74-a87ccc08bb3f" testListId="8c84fa94-04c1-424b-9868-57a2d4851a1d" />
    <TestEntry testId="f67c8249-963a-e7a8-4951-f7ef4caaf55d" executionId="7c082b8b-bfd8-4379-ad44-b9b289a5dde6" testListId="8c84fa94-04c1-424b-9868-57a2d4851a1d" />
    <TestEntry testId="c05e74d4-868f-35b8-a0c5-def7b70443af" executionId="3e500d11-1592-4343-889b-ce3b430dca6a" testListId="8c84fa94-04c1-424b-9868-57a2d4851a1d" />
    <TestEntry testId="d4516b70-ba8b-757e-293f-5a9792bdbf6c" executionId="de3586e4-cbaa-445d-8c7c-6e19ca885b46" testListId="8c84fa94-04c1-424b-9868-57a2d4851a1d" />
    <TestEntry testId="b004c9c7-f5d9-afe2-887e-5f2ad5a9c858" executionId="5bf7e1f0-78d2-487e-910a-d758446208e5" testListId="8c84fa94-04c1-424b-9868-57a2d4851a1d" />
    <TestEntry testId="87be62c8-de40-63d7-fcb8-b593a1c61f9b" executionId="97105efe-6d50-4432-8602-92f2c3d80fe0" testListId="8c84fa94-04c1-424b-9868-57a2d4851a1d" />
    <TestEntry testId="8469c3b5-d174-ecfb-3806-605948f18619" executionId="876e6f56-2aa2-404a-9195-b8b75fa2d7ec" testListId="8c84fa94-04c1-424b-9868-57a2d4851a1d" />
    <TestEntry testId="159591d5-1759-fefa-3163-5a983b6b4d63" executionId="9004d31d-817c-4040-807e-4c6e81d56c88" testListId="8c84fa94-04c1-424b-9868-57a2d4851a1d" />
    <TestEntry testId="288b9e9c-4663-0a0a-a899-2ac2547996ba" executionId="6975691b-0ae1-4de3-b128-04416c84010a" testListId="8c84fa94-04c1-424b-9868-57a2d4851a1d" />
    <TestEntry testId="5e7aa69f-4a5f-6819-acb8-cbf9465e6f23" executionId="339b248b-6a9f-4de3-8135-0612662be609" testListId="8c84fa94-04c1-424b-9868-57a2d4851a1d" />
    <TestEntry testId="f778eeeb-b237-0174-fd3b-e49d5a15324c" executionId="7d99508b-bdf4-4e6e-94ad-11806ff87064" testListId="8c84fa94-04c1-424b-9868-57a2d4851a1d" />
    <TestEntry testId="12345058-a0db-3860-97d4-18267c542ca9" executionId="bd58eca4-8dd1-4870-a03b-b35360ba0e52" testListId="8c84fa94-04c1-424b-9868-57a2d4851a1d" />
    <TestEntry testId="995aac8c-b843-1fcf-4973-d63c9b5f1e99" executionId="c3f730cf-96a8-42da-9fa6-d49dfe7e1b6c" testListId="8c84fa94-04c1-424b-9868-57a2d4851a1d" />
    <TestEntry testId="2b34f0fb-8f84-5713-30bb-7d5a860ec44e" executionId="c58711c1-cc33-40b9-a9ad-fbe7b3573a9a" testListId="8c84fa94-04c1-424b-9868-57a2d4851a1d" />
    <TestEntry testId="84f797f9-393d-aca8-d2f1-8f303a6b5a90" executionId="670d2f67-23d8-4d82-a920-290cb4218974" testListId="8c84fa94-04c1-424b-9868-57a2d4851a1d" />
    <TestEntry testId="23f643f2-7f94-09ea-7011-2d8141bc0e50" executionId="cff79eb7-5c18-405e-9618-06e0bb69638c" testListId="8c84fa94-04c1-424b-9868-57a2d4851a1d" />
    <TestEntry testId="6633b821-4433-a5bc-341c-c3f3d3c3fa30" executionId="777972a0-3859-49ca-9905-899e1c42f718" testListId="8c84fa94-04c1-424b-9868-57a2d4851a1d" />
    <TestEntry testId="223d4a71-92be-5936-8fee-3cf9c1a00eef" executionId="a98a10b0-e11c-4979-b7c0-2490189f04a3" testListId="8c84fa94-04c1-424b-9868-57a2d4851a1d" />
  </TestEntries>
  <TestLists>
    <TestList name="Resultados sin formato de lista" id="8c84fa94-04c1-424b-9868-57a2d4851a1d" />
    <TestList name="Todos los resultados cargados" id="19431567-8539-422a-85d7-44ee4e166bda" />
  </TestLists>
  <ResultSummary outcome="Completed">
    <Counters total="84" executed="84" passed="84" failed="0" error="0" timeout="0" aborted="0" inconclusive="0" passedButRunAborted="0" notRunnable="0" notExecuted="0" disconnected="0" warning="0" completed="0" inProgress="0" pending="0" />
    <Output>
      <StdOut>[xUnit.net 00:00:00.00] xUnit.net VSTest Adapter v2.5.6+bf9b858c26 (64-bit .NET 10.0.9)&#xD;
[xUnit.net 00:00:00.31]   Discovering: RL.API.Tests&#xD;
[xUnit.net 00:00:00.41]   Discovered:  RL.API.Tests&#xD;
[xUnit.net 00:00:00.41]   Starting:    RL.API.Tests&#xD;
[xUnit.net 00:00:02.10]   Finished:    RL.API.Tests&#xD;
</StdOut>
    </Output>
  </ResultSummary>
</TestRun>